"../../../Engine/Content/EngineMeshes/Humanoid.uasset" 0
"../../../Engine/Content/EngineMeshes/Humanoid.uexp" 1
"C:/Users/Niklas/Documents/Unreal_Projects/ForHonor/Content/Assets/Mannequin/Character/Mesh/UE4_Mannequin_Skeleton.uasset" 2
"C:/Users/Niklas/Documents/Unreal_Projects/ForHonor/Content/Assets/Mannequin/Character/Mesh/UE4_Mannequin_Skeleton.uexp" 3
"../../../Engine/Content/Animation/DefaultAnimBoneCompressionSettings.uasset" 4
"../../../Engine/Content/Animation/DefaultAnimBoneCompressionSettings.uexp" 5
"../../../Engine/Content/Animation/DefaultAnimCurveCompressionSettings.uasset" 6
"../../../Engine/Content/Animation/DefaultAnimCurveCompressionSettings.uexp" 7
"C:/Users/Niklas/Documents/Unreal_Projects/ForHonor/Content/animations/Basics/GuardBreak4UE4.uasset" 8
"C:/Users/Niklas/Documents/Unreal_Projects/ForHonor/Content/animations/Basics/GuardBreak4UE4.uexp" 9
"C:/Users/Niklas/Documents/Unreal_Projects/ForHonor/Content/animations/Basics/Idle1000.uasset" 10
"C:/Users/Niklas/Documents/Unreal_Projects/ForHonor/Content/animations/Basics/Idle1000.uexp" 11
"C:/Users/Niklas/Documents/Unreal_Projects/ForHonor/Content/animations/Basics/Idle4UE4.uasset" 12
"C:/Users/Niklas/Documents/Unreal_Projects/ForHonor/Content/animations/Basics/Idle4UE4.uexp" 13
"C:/Users/Niklas/Documents/Unreal_Projects/ForHonor/Content/animations/Basics/Left_Turn4UE4.uasset" 14
"C:/Users/Niklas/Documents/Unreal_Projects/ForHonor/Content/animations/Basics/Left_Turn4UE4.uexp" 15
"C:/Users/Niklas/Documents/Unreal_Projects/ForHonor/Content/animations/Basics/Recovery1000.uasset" 16
"C:/Users/Niklas/Documents/Unreal_Projects/ForHonor/Content/animations/Basics/Recovery1000.uexp" 17
"C:/Users/Niklas/Documents/Unreal_Projects/ForHonor/Content/animations/Basics/Right_Turn4UE4.uasset" 18
"C:/Users/Niklas/Documents/Unreal_Projects/ForHonor/Content/animations/Basics/Right_Turn4UE4.uexp" 19
"../../../Engine/Content/Animation/DefaultRecorderBoneCompression.uasset" 20
"../../../Engine/Content/Animation/DefaultRecorderBoneCompression.uexp" 21
"C:/Users/Niklas/Documents/Unreal_Projects/ForHonor/Content/weapon_trails/M_trails.uasset" 22
"C:/Users/Niklas/Documents/Unreal_Projects/ForHonor/Content/weapon_trails/M_trails.uexp" 23
"C:/Users/Niklas/Documents/Unreal_Projects/ForHonor/Content/weapon_trails/P_trails.uasset" 24
"C:/Users/Niklas/Documents/Unreal_Projects/ForHonor/Content/weapon_trails/P_trails.uexp" 25
"C:/Users/Niklas/Documents/Unreal_Projects/ForHonor/Content/animations/Basics/SlashOnGround.uasset" 26
"C:/Users/Niklas/Documents/Unreal_Projects/ForHonor/Content/animations/Basics/SlashOnGround.uexp" 27
"C:/Users/Niklas/Documents/Unreal_Projects/ForHonor/Content/animations/Basics/Walk_bwd4UE4.uasset" 28
"C:/Users/Niklas/Documents/Unreal_Projects/ForHonor/Content/animations/Basics/Walk_bwd4UE4.uexp" 29
"C:/Users/Niklas/Documents/Unreal_Projects/ForHonor/Content/animations/Basics/Walk_fwd4UE4.uasset" 30
"C:/Users/Niklas/Documents/Unreal_Projects/ForHonor/Content/animations/Basics/Walk_fwd4UE4.uexp" 31
"C:/Users/Niklas/Documents/Unreal_Projects/ForHonor/Content/animations/Basics/Walk_left4UE4.uasset" 32
"C:/Users/Niklas/Documents/Unreal_Projects/ForHonor/Content/animations/Basics/Walk_left4UE4.uexp" 33
"C:/Users/Niklas/Documents/Unreal_Projects/ForHonor/Content/animations/Basics/Walk_right4UE4.uasset" 34
"C:/Users/Niklas/Documents/Unreal_Projects/ForHonor/Content/animations/Basics/Walk_right4UE4.uexp" 35
"C:/Users/Niklas/Documents/Unreal_Projects/ForHonor/Content/animations/Basics/WalkDir.uasset" 36
"C:/Users/Niklas/Documents/Unreal_Projects/ForHonor/Content/animations/Basics/WalkDir.uexp" 37
"C:/Users/Niklas/Documents/Unreal_Projects/ForHonor/Content/animations/Basics/RollsDodges/DodgeBackward_Root.uasset" 38
"C:/Users/Niklas/Documents/Unreal_Projects/ForHonor/Content/animations/Basics/RollsDodges/DodgeBackward_Root.uexp" 39
"C:/Users/Niklas/Documents/Unreal_Projects/ForHonor/Content/animations/Basics/RollsDodges/DodgeForward_Root.uasset" 40
"C:/Users/Niklas/Documents/Unreal_Projects/ForHonor/Content/animations/Basics/RollsDodges/DodgeForward_Root.uexp" 41
"C:/Users/Niklas/Documents/Unreal_Projects/ForHonor/Content/animations/Basics/RollsDodges/DodgeLeft_Root.uasset" 42
"C:/Users/Niklas/Documents/Unreal_Projects/ForHonor/Content/animations/Basics/RollsDodges/DodgeLeft_Root.uexp" 43
"C:/Users/Niklas/Documents/Unreal_Projects/ForHonor/Content/animations/Basics/RollsDodges/DodgeRight_Root.uasset" 44
"C:/Users/Niklas/Documents/Unreal_Projects/ForHonor/Content/animations/Basics/RollsDodges/DodgeRight_Root.uexp" 45
"C:/Users/Niklas/Documents/Unreal_Projects/ForHonor/Content/animations/Basics/ReactFromL4UE4.uasset" 46
"C:/Users/Niklas/Documents/Unreal_Projects/ForHonor/Content/animations/Basics/ReactFromL4UE4.uexp" 47
"C:/Users/Niklas/Documents/Unreal_Projects/ForHonor/Content/animations/Basics/ReactFromL4UE4_Montage.uasset" 48
"C:/Users/Niklas/Documents/Unreal_Projects/ForHonor/Content/animations/Basics/ReactFromL4UE4_Montage.uexp" 49
"C:/Users/Niklas/Documents/Unreal_Projects/ForHonor/Content/animations/Basics/ReactFromBwd4UE4.uasset" 50
"C:/Users/Niklas/Documents/Unreal_Projects/ForHonor/Content/animations/Basics/ReactFromBwd4UE4.uexp" 51
"C:/Users/Niklas/Documents/Unreal_Projects/ForHonor/Content/animations/Basics/ReactFromBwd4UE4_Montage.uasset" 52
"C:/Users/Niklas/Documents/Unreal_Projects/ForHonor/Content/animations/Basics/ReactFromBwd4UE4_Montage.uexp" 53
"C:/Users/Niklas/Documents/Unreal_Projects/ForHonor/Content/animations/Basics/ReactFromFwd4UE4.uasset" 54
"C:/Users/Niklas/Documents/Unreal_Projects/ForHonor/Content/animations/Basics/ReactFromFwd4UE4.uexp" 55
"C:/Users/Niklas/Documents/Unreal_Projects/ForHonor/Content/animations/Basics/ReactFromFwd4UE4_Montage.uasset" 56
"C:/Users/Niklas/Documents/Unreal_Projects/ForHonor/Content/animations/Basics/ReactFromFwd4UE4_Montage.uexp" 57
"C:/Users/Niklas/Documents/Unreal_Projects/ForHonor/Content/animations/Basics/ReactFromR4UE4.uasset" 58
"C:/Users/Niklas/Documents/Unreal_Projects/ForHonor/Content/animations/Basics/ReactFromR4UE4.uexp" 59
"C:/Users/Niklas/Documents/Unreal_Projects/ForHonor/Content/animations/Basics/ReactFromR4UE4_Montage.uasset" 60
"C:/Users/Niklas/Documents/Unreal_Projects/ForHonor/Content/animations/Basics/ReactFromR4UE4_Montage.uexp" 61
"../../../Engine/Content/EditorBlueprintResources/StandardMacros.uasset" 62
"../../../Engine/Content/EditorBlueprintResources/StandardMacros.uexp" 63
"C:/Users/Niklas/Documents/Unreal_Projects/ForHonor/Content/Blueprints/PlayerCamera.uasset" 64
"C:/Users/Niklas/Documents/Unreal_Projects/ForHonor/Content/Blueprints/PlayerCamera.uexp" 65
"C:/Users/Niklas/Documents/Unreal_Projects/ForHonor/Content/Assets/Mannequin/Character/Mesh/SK_Mannequin_PhysicsAsset.uasset" 66
"C:/Users/Niklas/Documents/Unreal_Projects/ForHonor/Content/Assets/Mannequin/Character/Mesh/SK_Mannequin_PhysicsAsset.uexp" 67
"C:/Users/Niklas/Documents/Unreal_Projects/ForHonor/Content/Assets/Mannequin/Character/Textures/T_UE4Logo_N.uasset" 68
"C:/Users/Niklas/Documents/Unreal_Projects/ForHonor/Content/Assets/Mannequin/Character/Textures/T_UE4Logo_N.uexp" 69
"C:/Users/Niklas/Documents/Unreal_Projects/ForHonor/Content/Assets/Mannequin/Character/Textures/T_UE4Logo_Mask.uasset" 70
"C:/Users/Niklas/Documents/Unreal_Projects/ForHonor/Content/Assets/Mannequin/Character/Textures/T_UE4Logo_Mask.uexp" 71
"C:/Users/Niklas/Documents/Unreal_Projects/ForHonor/Content/Assets/Mannequin/Character/Textures/T_Male_N.uasset" 72
"C:/Users/Niklas/Documents/Unreal_Projects/ForHonor/Content/Assets/Mannequin/Character/Textures/T_Male_N.uexp" 73
"C:/Users/Niklas/Documents/Unreal_Projects/ForHonor/Content/Assets/Mannequin/Character/Textures/T_Male_Mask.uasset" 74
"C:/Users/Niklas/Documents/Unreal_Projects/ForHonor/Content/Assets/Mannequin/Character/Textures/T_Male_Mask.uexp" 75
"C:/Users/Niklas/Documents/Unreal_Projects/ForHonor/Content/Assets/Mannequin/Character/Materials/MaterialLayers/T_ML_Rubber_Blue_01_N.uasset" 76
"C:/Users/Niklas/Documents/Unreal_Projects/ForHonor/Content/Assets/Mannequin/Character/Materials/MaterialLayers/T_ML_Rubber_Blue_01_N.uexp" 77
"C:/Users/Niklas/Documents/Unreal_Projects/ForHonor/Content/Assets/Mannequin/Character/Materials/MaterialLayers/T_ML_Rubber_Blue_01_D.uasset" 78
"C:/Users/Niklas/Documents/Unreal_Projects/ForHonor/Content/Assets/Mannequin/Character/Materials/MaterialLayers/T_ML_Rubber_Blue_01_D.uexp" 79
"C:/Users/Niklas/Documents/Unreal_Projects/ForHonor/Content/Assets/Mannequin/Character/Materials/MaterialLayers/T_ML_Aluminum01_N.uasset" 80
"C:/Users/Niklas/Documents/Unreal_Projects/ForHonor/Content/Assets/Mannequin/Character/Materials/MaterialLayers/T_ML_Aluminum01_N.uexp" 81
"C:/Users/Niklas/Documents/Unreal_Projects/ForHonor/Content/Assets/Mannequin/Character/Materials/MaterialLayers/T_ML_Aluminum01.uasset" 82
"C:/Users/Niklas/Documents/Unreal_Projects/ForHonor/Content/Assets/Mannequin/Character/Materials/MaterialLayers/T_ML_Aluminum01.uexp" 83
"C:/Users/Niklas/Documents/Unreal_Projects/ForHonor/Content/Assets/Mannequin/Character/Materials/MaterialLayers/ML_SoftMetal_UE4.uasset" 84
"C:/Users/Niklas/Documents/Unreal_Projects/ForHonor/Content/Assets/Mannequin/Character/Materials/MaterialLayers/ML_SoftMetal_UE4.uexp" 85
"C:/Users/Niklas/Documents/Unreal_Projects/ForHonor/Content/Assets/Mannequin/Character/Materials/MaterialLayers/ML_Plastic_Shiny_Beige_LOGO.uasset" 86
"C:/Users/Niklas/Documents/Unreal_Projects/ForHonor/Content/Assets/Mannequin/Character/Materials/MaterialLayers/ML_Plastic_Shiny_Beige_LOGO.uexp" 87
"C:/Users/Niklas/Documents/Unreal_Projects/ForHonor/Content/Assets/Mannequin/Character/Materials/MaterialLayers/ML_Plastic_Shiny_Beige.uasset" 88
"C:/Users/Niklas/Documents/Unreal_Projects/ForHonor/Content/Assets/Mannequin/Character/Materials/MaterialLayers/ML_Plastic_Shiny_Beige.uexp" 89
"C:/Users/Niklas/Documents/Unreal_Projects/ForHonor/Content/Assets/Mannequin/Character/Materials/MaterialLayers/ML_GlossyBlack_Latex_UE4.uasset" 90
"C:/Users/Niklas/Documents/Unreal_Projects/ForHonor/Content/Assets/Mannequin/Character/Materials/MaterialLayers/ML_GlossyBlack_Latex_UE4.uexp" 91
"../../../Engine/Content/Functions/MaterialLayerFunctions/MatLayerBlend_Simple.uasset" 92
"../../../Engine/Content/Functions/MaterialLayerFunctions/MatLayerBlend_Simple.uexp" 93
"../../../Engine/Content/Functions/Engine_MaterialFunctions02/Utility/BlendAngleCorrectedNormals.uasset" 94
"../../../Engine/Content/Functions/Engine_MaterialFunctions02/Utility/BlendAngleCorrectedNormals.uexp" 95
"../../../Engine/Content/Functions/MaterialLayerFunctions/MatLayerBlend_NormalBlend.uasset" 96
"../../../Engine/Content/Functions/MaterialLayerFunctions/MatLayerBlend_NormalBlend.uexp" 97
"C:/Users/Niklas/Documents/Unreal_Projects/ForHonor/Content/Assets/Mannequin/Character/Materials/M_Male_Body.uasset" 98
"C:/Users/Niklas/Documents/Unreal_Projects/ForHonor/Content/Assets/Mannequin/Character/Materials/M_Male_Body.uexp" 99
"C:/Users/Niklas/Documents/Unreal_Projects/ForHonor/Content/Assets/Mannequin/Character/Materials/M_UE4Man_ChestLogo.uasset" 100
"C:/Users/Niklas/Documents/Unreal_Projects/ForHonor/Content/Assets/Mannequin/Character/Materials/M_UE4Man_ChestLogo.uexp" 101
"C:/Users/Niklas/Documents/Unreal_Projects/ForHonor/Content/Assets/Mannequin/Character/Mesh/SK_Mannequin.uasset" 102
"C:/Users/Niklas/Documents/Unreal_Projects/ForHonor/Content/Assets/Mannequin/Character/Mesh/SK_Mannequin.uexp" 103
"C:/Users/Niklas/Documents/Unreal_Projects/ForHonor/Content/Blueprints/locomotion_inputs.uasset" 104
"C:/Users/Niklas/Documents/Unreal_Projects/ForHonor/Content/Blueprints/locomotion_inputs.uexp" 105
"C:/Users/Niklas/Documents/Unreal_Projects/ForHonor/Content/Blueprints/Ui/img/TargetThing.uasset" 106
"C:/Users/Niklas/Documents/Unreal_Projects/ForHonor/Content/Blueprints/Ui/img/TargetThing.uexp" 107
"C:/Users/Niklas/Documents/Unreal_Projects/ForHonor/Content/Blueprints/Ui/Target.uasset" 108
"C:/Users/Niklas/Documents/Unreal_Projects/ForHonor/Content/Blueprints/Ui/Target.uexp" 109
"C:/Users/Niklas/Documents/Unreal_Projects/ForHonor/Content/Blueprints/Ui/HP.uasset" 110
"C:/Users/Niklas/Documents/Unreal_Projects/ForHonor/Content/Blueprints/Ui/HP.uexp" 111
"C:/Users/Niklas/Documents/Unreal_Projects/ForHonor/Content/Blueprints/Ui/img/Bash.uasset" 112
"C:/Users/Niklas/Documents/Unreal_Projects/ForHonor/Content/Blueprints/Ui/img/Bash.uexp" 113
"C:/Users/Niklas/Documents/Unreal_Projects/ForHonor/Content/Blueprints/Ui/Bash.uasset" 114
"C:/Users/Niklas/Documents/Unreal_Projects/ForHonor/Content/Blueprints/Ui/Bash.uexp" 115
"C:/Users/Niklas/Documents/Unreal_Projects/ForHonor/Content/Blueprints/Ui/HP_WidgetCurve.uasset" 116
"C:/Users/Niklas/Documents/Unreal_Projects/ForHonor/Content/Blueprints/Ui/HP_WidgetCurve.uexp" 117
"C:/Users/Niklas/Documents/Unreal_Projects/ForHonor/Content/Blueprints/Ui/BashWidgetCurve.uasset" 118
"C:/Users/Niklas/Documents/Unreal_Projects/ForHonor/Content/Blueprints/Ui/BashWidgetCurve.uexp" 119
"C:/Users/Niklas/Documents/Unreal_Projects/ForHonor/Content/Blueprints/PlayerCharacter.uasset" 120
"C:/Users/Niklas/Documents/Unreal_Projects/ForHonor/Content/Blueprints/PlayerCharacter.uexp" 121
"C:/Users/Niklas/Documents/Unreal_Projects/ForHonor/Content/animations/NotfyStates/CantTargetSwitch.uasset" 122
"C:/Users/Niklas/Documents/Unreal_Projects/ForHonor/Content/animations/NotfyStates/CantTargetSwitch.uexp" 123
"C:/Users/Niklas/Documents/Unreal_Projects/ForHonor/Content/animations/NotfyStates/HitboxOnWeapon.uasset" 124
"C:/Users/Niklas/Documents/Unreal_Projects/ForHonor/Content/animations/NotfyStates/HitboxOnWeapon.uexp" 125
"C:/Users/Niklas/Documents/Unreal_Projects/ForHonor/Content/animations/Char2/InwardSlash.uasset" 126
"C:/Users/Niklas/Documents/Unreal_Projects/ForHonor/Content/animations/Char2/InwardSlash.uexp" 127
"C:/Users/Niklas/Documents/Unreal_Projects/ForHonor/Content/animations/Char2/dodgeStab4UE4.uasset" 128
"C:/Users/Niklas/Documents/Unreal_Projects/ForHonor/Content/animations/Char2/dodgeStab4UE4.uexp" 129
"C:/Users/Niklas/Documents/Unreal_Projects/ForHonor/Content/animations/Basics/Falling/FlyAway.uasset" 130
"C:/Users/Niklas/Documents/Unreal_Projects/ForHonor/Content/animations/Basics/Falling/FlyAway.uexp" 131
"C:/Users/Niklas/Documents/Unreal_Projects/ForHonor/Content/animations/Basics/Falling/getUp.uasset" 132
"C:/Users/Niklas/Documents/Unreal_Projects/ForHonor/Content/animations/Basics/Falling/getUp.uexp" 133
"C:/Users/Niklas/Documents/Unreal_Projects/ForHonor/Content/animations/Basics/Falling/Laying4UE4.uasset" 134
"C:/Users/Niklas/Documents/Unreal_Projects/ForHonor/Content/animations/Basics/Falling/Laying4UE4.uexp" 135
"C:/Users/Niklas/Documents/Unreal_Projects/ForHonor/Content/animations/Basics/Falling/FlyAway_Montage.uasset" 136
"C:/Users/Niklas/Documents/Unreal_Projects/ForHonor/Content/animations/Basics/Falling/FlyAway_Montage.uexp" 137
"C:/Users/Niklas/Documents/Unreal_Projects/ForHonor/Content/animations/NotfyStates/HitboxOnBone.uasset" 138
"C:/Users/Niklas/Documents/Unreal_Projects/ForHonor/Content/animations/NotfyStates/HitboxOnBone.uexp" 139
"../../../Engine/Plugins/FX/Niagara/Content/Enums/ENiagaraVector3_Channels.uasset" 140
"../../../Engine/Plugins/FX/Niagara/Content/Enums/ENiagaraVector3_Channels.uexp" 141
"../../../Engine/Plugins/FX/Niagara/Content/Enums/ENiagaraTorusDistributionMode.uasset" 142
"../../../Engine/Plugins/FX/Niagara/Content/Enums/ENiagaraTorusDistributionMode.uexp" 143
"../../../Engine/Plugins/FX/Niagara/Content/Enums/ENiagaraSystemInactiveMode.uasset" 144
"../../../Engine/Plugins/FX/Niagara/Content/Enums/ENiagaraSystemInactiveMode.uexp" 145
"../../../Engine/Plugins/FX/Niagara/Content/Enums/ENiagaraScaleColorMode.uasset" 146
"../../../Engine/Plugins/FX/Niagara/Content/Enums/ENiagaraScaleColorMode.uexp" 147
"../../../Engine/Plugins/FX/Niagara/Content/Enums/ENiagaraRandomnessMode.uasset" 148
"../../../Engine/Plugins/FX/Niagara/Content/Enums/ENiagaraRandomnessMode.uexp" 149
"../../../Engine/Plugins/FX/Niagara/Content/Enums/ENiagaraRandomnessEvaluation.uasset" 150
"../../../Engine/Plugins/FX/Niagara/Content/Enums/ENiagaraRandomnessEvaluation.uexp" 151
"../../../Engine/Plugins/FX/Niagara/Content/Enums/ENiagaraMeshTransforms.uasset" 152
"../../../Engine/Plugins/FX/Niagara/Content/Enums/ENiagaraMeshTransforms.uexp" 153
"../../../Engine/Plugins/FX/Niagara/Content/Enums/ENiagaraInactiveMode.uasset" 154
"../../../Engine/Plugins/FX/Niagara/Content/Enums/ENiagaraInactiveMode.uexp" 155
"../../../Engine/Plugins/FX/Niagara/Content/Enums/ENiagaraExpansionMode.uasset" 156
"../../../Engine/Plugins/FX/Niagara/Content/Enums/ENiagaraExpansionMode.uexp" 157
"../../../Engine/Plugins/FX/Niagara/Content/Enums/ENiagaraEmitterScalabilityMode_Limited.uasset" 158
"../../../Engine/Plugins/FX/Niagara/Content/Enums/ENiagaraEmitterScalabilityMode_Limited.uexp" 159
"../../../Engine/Plugins/FX/Niagara/Content/Enums/ENiagaraEmitterLifeCycleMode.uasset" 160
"../../../Engine/Plugins/FX/Niagara/Content/Enums/ENiagaraEmitterLifeCycleMode.uexp" 161
"../../../Engine/Plugins/FX/Niagara/Content/Enums/ENiagaraCoordinateSpace.uasset" 162
"../../../Engine/Plugins/FX/Niagara/Content/Enums/ENiagaraCoordinateSpace.uexp" 163
"../../../Engine/Plugins/FX/Niagara/Content/Enums/ENiagara_InfiniteLoopDuration.uasset" 164
"../../../Engine/Plugins/FX/Niagara/Content/Enums/ENiagara_InfiniteLoopDuration.uexp" 165
"../../../Engine/Plugins/FX/Niagara/Content/Enums/ENiagara_EmitterStateOptions.uasset" 166
"../../../Engine/Plugins/FX/Niagara/Content/Enums/ENiagara_EmitterStateOptions.uexp" 167
"../../../Engine/Plugins/FX/Niagara/Content/Enums/SpriteRenderer/ENiagara_ScaleSpriteSize.uasset" 168
"../../../Engine/Plugins/FX/Niagara/Content/Enums/SpriteRenderer/ENiagara_ScaleSpriteSize.uexp" 169
"../../../Engine/Plugins/FX/Niagara/Content/Enums/ENiagaraExecutionStateManagement.uasset" 170
"../../../Engine/Plugins/FX/Niagara/Content/Enums/ENiagaraExecutionStateManagement.uexp" 171
"../../../Engine/Plugins/FX/Niagara/Content/Enums/Angles/ENiagara_AngleInput.uasset" 172
"../../../Engine/Plugins/FX/Niagara/Content/Enums/Angles/ENiagara_AngleInput.uexp" 173
"../../../Engine/Content/EngineMaterials/T_Default_Material_Grid_N.uasset" 174
"../../../Engine/Content/EngineMaterials/T_Default_Material_Grid_N.uexp" 175
"../../../Engine/Content/EngineMaterials/T_Default_Material_Grid_M.uasset" 176
"../../../Engine/Content/EngineMaterials/T_Default_Material_Grid_M.uexp" 177
"../../../Engine/Content/Functions/Engine_MaterialFunctions01/Opacity/CameraDepthFade.uasset" 178
"../../../Engine/Content/Functions/Engine_MaterialFunctions01/Opacity/CameraDepthFade.uexp" 179
"../../../Engine/Content/EngineMaterials/WorldGridMaterial.uasset" 180
"../../../Engine/Content/EngineMaterials/WorldGridMaterial.uexp" 181
"C:/Users/Niklas/Documents/Unreal_Projects/ForHonor/Content/Assets/AdvancedMagicFX12/Meshes/SM_ky_quad_centerRot.uasset" 182
"C:/Users/Niklas/Documents/Unreal_Projects/ForHonor/Content/Assets/AdvancedMagicFX12/Meshes/SM_ky_quad_centerRot.uexp" 183
"C:/Users/Niklas/Documents/Unreal_Projects/ForHonor/Content/Assets/AdvancedMagicFX12/Meshes/SM_ky_circle_midpoly.uasset" 184
"C:/Users/Niklas/Documents/Unreal_Projects/ForHonor/Content/Assets/AdvancedMagicFX12/Meshes/SM_ky_circle_midpoly.uexp" 185
"C:/Users/Niklas/Documents/Unreal_Projects/ForHonor/Content/Assets/AdvancedMagicFX12/Textures/T_ky_dust02uni_4x4.uasset" 186
"C:/Users/Niklas/Documents/Unreal_Projects/ForHonor/Content/Assets/AdvancedMagicFX12/Textures/T_ky_dust02uni_4x4.uexp" 187
"../../../Engine/Content/EngineResources/DefaultTexture.uasset" 188
"../../../Engine/Content/EngineResources/DefaultTexture.uexp" 189
"C:/Users/Niklas/Documents/Unreal_Projects/ForHonor/Content/Assets/AdvancedMagicFX12/Materials/Mfunction/MF_ky_UVcontrol_4x4.uasset" 190
"C:/Users/Niklas/Documents/Unreal_Projects/ForHonor/Content/Assets/AdvancedMagicFX12/Materials/Mfunction/MF_ky_UVcontrol_4x4.uexp" 191
"C:/Users/Niklas/Documents/Unreal_Projects/ForHonor/Content/Assets/AdvancedMagicFX12/Materials/M_ky_dust02uni_4x4.uasset" 192
"C:/Users/Niklas/Documents/Unreal_Projects/ForHonor/Content/Assets/AdvancedMagicFX12/Materials/M_ky_dust02uni_4x4.uexp" 193
"C:/Users/Niklas/Documents/Unreal_Projects/ForHonor/Content/Assets/AdvancedMagicFX12/Textures/T_ky_smoke_kai.uasset" 194
"C:/Users/Niklas/Documents/Unreal_Projects/ForHonor/Content/Assets/AdvancedMagicFX12/Textures/T_ky_smoke_kai.uexp" 195
"C:/Users/Niklas/Documents/Unreal_Projects/ForHonor/Content/Assets/AdvancedMagicFX12/Textures/T_ky_dist_noise.uasset" 196
"C:/Users/Niklas/Documents/Unreal_Projects/ForHonor/Content/Assets/AdvancedMagicFX12/Textures/T_ky_dist_noise.uexp" 197
"../../../Engine/Content/Functions/Engine_MaterialFunctions01/Density/ExponentialDensity.uasset" 198
"../../../Engine/Content/Functions/Engine_MaterialFunctions01/Density/ExponentialDensity.uexp" 199
"../../../Engine/Content/Functions/Engine_MaterialFunctions01/Gradient/RadialGradientExponential.uasset" 200
"../../../Engine/Content/Functions/Engine_MaterialFunctions01/Gradient/RadialGradientExponential.uexp" 201
"C:/Users/Niklas/Documents/Unreal_Projects/ForHonor/Content/Assets/AdvancedMagicFX12/Materials/M_ky_base_turbulence.uasset" 202
"C:/Users/Niklas/Documents/Unreal_Projects/ForHonor/Content/Assets/AdvancedMagicFX12/Materials/M_ky_base_turbulence.uexp" 203
"C:/Users/Niklas/Documents/Unreal_Projects/ForHonor/Content/Assets/AdvancedMagicFX12/Materials/MI_ky_turbulence_smoke2d_trs.uasset" 204
"C:/Users/Niklas/Documents/Unreal_Projects/ForHonor/Content/Assets/AdvancedMagicFX12/Materials/MI_ky_turbulence_smoke2d_trs.uexp" 205
"C:/Users/Niklas/Documents/Unreal_Projects/ForHonor/Content/Assets/AdvancedMagicFX12/Textures/T_ky_dust_longStar.uasset" 206
"C:/Users/Niklas/Documents/Unreal_Projects/ForHonor/Content/Assets/AdvancedMagicFX12/Textures/T_ky_dust_longStar.uexp" 207
"../../../Engine/Content/EngineMaterials/BlendFunc_DefBlend.uasset" 208
"../../../Engine/Content/EngineMaterials/BlendFunc_DefBlend.uexp" 209
"../../../Engine/Content/EngineMaterials/BlendFunc_DefBase.uasset" 210
"../../../Engine/Content/EngineMaterials/BlendFunc_DefBase.uexp" 211
"../../../Engine/Content/Functions/Engine_MaterialFunctions03/Blends/Blend_Screen.uasset" 212
"../../../Engine/Content/Functions/Engine_MaterialFunctions03/Blends/Blend_Screen.uexp" 213
"../../../Engine/Content/Functions/Engine_MaterialFunctions01/Gradient/LinearGradient.uasset" 214
"../../../Engine/Content/Functions/Engine_MaterialFunctions01/Gradient/LinearGradient.uexp" 215
"../../../Engine/Content/Functions/Engine_MaterialFunctions01/Gradient/DiamondGradient.uasset" 216
"../../../Engine/Content/Functions/Engine_MaterialFunctions01/Gradient/DiamondGradient.uexp" 217
"C:/Users/Niklas/Documents/Unreal_Projects/ForHonor/Content/Assets/AdvancedMagicFX12/Materials/M_ky_starDust.uasset" 218
"C:/Users/Niklas/Documents/Unreal_Projects/ForHonor/Content/Assets/AdvancedMagicFX12/Materials/M_ky_starDust.uexp" 219
"C:/Users/Niklas/Documents/Unreal_Projects/ForHonor/Content/Assets/AdvancedMagicFX12/Materials/MI_ky_starDust_sq.uasset" 220
"C:/Users/Niklas/Documents/Unreal_Projects/ForHonor/Content/Assets/AdvancedMagicFX12/Materials/MI_ky_starDust_sq.uexp" 221
"C:/Users/Niklas/Documents/Unreal_Projects/ForHonor/Content/Assets/AdvancedMagicFX12/Textures/T_ky_noise4.uasset" 222
"C:/Users/Niklas/Documents/Unreal_Projects/ForHonor/Content/Assets/AdvancedMagicFX12/Textures/T_ky_noise4.uexp" 223
"C:/Users/Niklas/Documents/Unreal_Projects/ForHonor/Content/Assets/AdvancedMagicFX12/Textures/T_ky_noise16.uasset" 224
"C:/Users/Niklas/Documents/Unreal_Projects/ForHonor/Content/Assets/AdvancedMagicFX12/Textures/T_ky_noise16.uexp" 225
"C:/Users/Niklas/Documents/Unreal_Projects/ForHonor/Content/Assets/AdvancedMagicFX12/Textures/T_ky_maskRGB3.uasset" 226
"C:/Users/Niklas/Documents/Unreal_Projects/ForHonor/Content/Assets/AdvancedMagicFX12/Textures/T_ky_maskRGB3.uexp" 227
"C:/Users/Niklas/Documents/Unreal_Projects/ForHonor/Content/Assets/AdvancedMagicFX12/Materials/Mfunction/MF_ky_AddHilight.uasset" 228
"C:/Users/Niklas/Documents/Unreal_Projects/ForHonor/Content/Assets/AdvancedMagicFX12/Materials/Mfunction/MF_ky_AddHilight.uexp" 229
"C:/Users/Niklas/Documents/Unreal_Projects/ForHonor/Content/Assets/AdvancedMagicFX12/Textures/T_ky_noise6.uasset" 230
"C:/Users/Niklas/Documents/Unreal_Projects/ForHonor/Content/Assets/AdvancedMagicFX12/Textures/T_ky_noise6.uexp" 231
"C:/Users/Niklas/Documents/Unreal_Projects/ForHonor/Content/Assets/AdvancedMagicFX12/Materials/M_ky_shockwave07.uasset" 232
"C:/Users/Niklas/Documents/Unreal_Projects/ForHonor/Content/Assets/AdvancedMagicFX12/Materials/M_ky_shockwave07.uexp" 233
"C:/Users/Niklas/Documents/Unreal_Projects/ForHonor/Content/Assets/AdvancedMagicFX12/Materials/MI_ky_shockwave07_fire.uasset" 234
"C:/Users/Niklas/Documents/Unreal_Projects/ForHonor/Content/Assets/AdvancedMagicFX12/Materials/MI_ky_shockwave07_fire.uexp" 235
"C:/Users/Niklas/Documents/Unreal_Projects/ForHonor/Content/Assets/AdvancedMagicFX12/Textures/T_ky_smoke2.uasset" 236
"C:/Users/Niklas/Documents/Unreal_Projects/ForHonor/Content/Assets/AdvancedMagicFX12/Textures/T_ky_smoke2.uexp" 237
"C:/Users/Niklas/Documents/Unreal_Projects/ForHonor/Content/Assets/AdvancedMagicFX12/Textures/T_ky_noise3.uasset" 238
"C:/Users/Niklas/Documents/Unreal_Projects/ForHonor/Content/Assets/AdvancedMagicFX12/Textures/T_ky_noise3.uexp" 239
"C:/Users/Niklas/Documents/Unreal_Projects/ForHonor/Content/Assets/AdvancedMagicFX12/Materials/M_ky_dynDust.uasset" 240
"C:/Users/Niklas/Documents/Unreal_Projects/ForHonor/Content/Assets/AdvancedMagicFX12/Materials/M_ky_dynDust.uexp" 241
"C:/Users/Niklas/Documents/Unreal_Projects/ForHonor/Content/Assets/AdvancedMagicFX12/Materials/MI_ky_dynDust01.uasset" 242
"C:/Users/Niklas/Documents/Unreal_Projects/ForHonor/Content/Assets/AdvancedMagicFX12/Materials/MI_ky_dynDust01.uexp" 243
"C:/Users/Niklas/Documents/Unreal_Projects/ForHonor/Content/Assets/AdvancedMagicFX12/particles/Niagara/NS_ky_hit_fire.uasset" 244
"C:/Users/Niklas/Documents/Unreal_Projects/ForHonor/Content/Assets/AdvancedMagicFX12/particles/Niagara/NS_ky_hit_fire.uexp" 245
"C:/Users/Niklas/Documents/Unreal_Projects/ForHonor/Content/animations/Char2/left_Hook.uasset" 246
"C:/Users/Niklas/Documents/Unreal_Projects/ForHonor/Content/animations/Char2/left_Hook.uexp" 247
"C:/Users/Niklas/Documents/Unreal_Projects/ForHonor/Content/animations/Char2/dodgeAtttackR4UE4.uasset" 248
"C:/Users/Niklas/Documents/Unreal_Projects/ForHonor/Content/animations/Char2/dodgeAtttackR4UE4.uexp" 249
"C:/Users/Niklas/Documents/Unreal_Projects/ForHonor/Content/animations/Char2/dodgeAttack4UE4.uasset" 250
"C:/Users/Niklas/Documents/Unreal_Projects/ForHonor/Content/animations/Char2/dodgeAttack4UE4.uexp" 251
"C:/Users/Niklas/Documents/Unreal_Projects/ForHonor/Content/animations/Char2/Stabbing_recovery.uasset" 252
"C:/Users/Niklas/Documents/Unreal_Projects/ForHonor/Content/animations/Char2/Stabbing_recovery.uexp" 253
"C:/Users/Niklas/Documents/Unreal_Projects/ForHonor/Content/animations/Char2/Stabbing4UE4.uasset" 254
"C:/Users/Niklas/Documents/Unreal_Projects/ForHonor/Content/animations/Char2/Stabbing4UE4.uexp" 255
"C:/Users/Niklas/Documents/Unreal_Projects/ForHonor/Content/animations/Char2/SlashFromAbove.uasset" 256
"C:/Users/Niklas/Documents/Unreal_Projects/ForHonor/Content/animations/Char2/SlashFromAbove.uexp" 257
"C:/Users/Niklas/Documents/Unreal_Projects/ForHonor/Content/animations/Char2/OutwardSlash/OutwardSlashRecovery.uasset" 258
"C:/Users/Niklas/Documents/Unreal_Projects/ForHonor/Content/animations/Char2/OutwardSlash/OutwardSlashRecovery.uexp" 259
"C:/Users/Niklas/Documents/Unreal_Projects/ForHonor/Content/animations/Char2/OutwardSlash/OutwardSlashR.uasset" 260
"C:/Users/Niklas/Documents/Unreal_Projects/ForHonor/Content/animations/Char2/OutwardSlash/OutwardSlashR.uexp" 261
"C:/Users/Niklas/Documents/Unreal_Projects/ForHonor/Content/animations/Char2/OutwardSlash/OutwardSlashL.uasset" 262
"C:/Users/Niklas/Documents/Unreal_Projects/ForHonor/Content/animations/Char2/OutwardSlash/OutwardSlashL.uexp" 263
"C:/Users/Niklas/Documents/Unreal_Projects/ForHonor/Content/animations/Char2/OutwardSlash/OutwardSlashFWD.uasset" 264
"C:/Users/Niklas/Documents/Unreal_Projects/ForHonor/Content/animations/Char2/OutwardSlash/OutwardSlashFWD.uexp" 265
"C:/Users/Niklas/Documents/Unreal_Projects/ForHonor/Content/animations/Char2/OutwardSlash/OutwardSlashBWD.uasset" 266
"C:/Users/Niklas/Documents/Unreal_Projects/ForHonor/Content/animations/Char2/OutwardSlash/OutwardSlashBWD.uexp" 267
"C:/Users/Niklas/Documents/Unreal_Projects/ForHonor/Content/animations/Char2/newGrab_recovery.uasset" 268
"C:/Users/Niklas/Documents/Unreal_Projects/ForHonor/Content/animations/Char2/newGrab_recovery.uexp" 269
"C:/Users/Niklas/Documents/Unreal_Projects/ForHonor/Content/animations/Char2/left_HookRecovery.uasset" 270
"C:/Users/Niklas/Documents/Unreal_Projects/ForHonor/Content/animations/Char2/left_HookRecovery.uexp" 271
"C:/Users/Niklas/Documents/Unreal_Projects/ForHonor/Content/animations/Char2/Kicking_recovery.uasset" 272
"C:/Users/Niklas/Documents/Unreal_Projects/ForHonor/Content/animations/Char2/Kicking_recovery.uexp" 273
"C:/Users/Niklas/Documents/Unreal_Projects/ForHonor/Content/animations/Char2/Kicking4UE4.uasset" 274
"C:/Users/Niklas/Documents/Unreal_Projects/ForHonor/Content/animations/Char2/Kicking4UE4.uexp" 275
"C:/Users/Niklas/Documents/Unreal_Projects/ForHonor/Content/animations/Char2/InwardSlash_recovery.uasset" 276
"C:/Users/Niklas/Documents/Unreal_Projects/ForHonor/Content/animations/Char2/InwardSlash_recovery.uexp" 277
"C:/Users/Niklas/Documents/Unreal_Projects/ForHonor/Content/animations/Basics/GettingGrabbed4UE4.uasset" 278
"C:/Users/Niklas/Documents/Unreal_Projects/ForHonor/Content/animations/Basics/GettingGrabbed4UE4.uexp" 279
"C:/Users/Niklas/Documents/Unreal_Projects/ForHonor/Content/animations/Basics/GettingGrabbed4UE4_Montage.uasset" 280
"C:/Users/Niklas/Documents/Unreal_Projects/ForHonor/Content/animations/Basics/GettingGrabbed4UE4_Montage.uexp" 281
"C:/Users/Niklas/Documents/Unreal_Projects/ForHonor/Content/animations/NotfyStates/GrabHitbox.uasset" 282
"C:/Users/Niklas/Documents/Unreal_Projects/ForHonor/Content/animations/NotfyStates/GrabHitbox.uexp" 283
"C:/Users/Niklas/Documents/Unreal_Projects/ForHonor/Content/animations/Char2/grab.uasset" 284
"C:/Users/Niklas/Documents/Unreal_Projects/ForHonor/Content/animations/Char2/grab.uexp" 285
"C:/Users/Niklas/Documents/Unreal_Projects/ForHonor/Content/animations/Char2/dodgeStabRecovery.uasset" 286
"C:/Users/Niklas/Documents/Unreal_Projects/ForHonor/Content/animations/Char2/dodgeStabRecovery.uexp" 287
"C:/Users/Niklas/Documents/Unreal_Projects/ForHonor/Content/animations/Char2/Char2.uasset" 288
"C:/Users/Niklas/Documents/Unreal_Projects/ForHonor/Content/animations/Char2/Char2.uexp" 289
"C:/Users/Niklas/Documents/Unreal_Projects/ForHonor/Content/Assets/Weapon_Pack/Textures/Weapons/T_Weapon_Set1_OcclusionRoughnessMetallic.uasset" 290
"C:/Users/Niklas/Documents/Unreal_Projects/ForHonor/Content/Assets/Weapon_Pack/Textures/Weapons/T_Weapon_Set1_OcclusionRoughnessMetallic.uexp" 291
"C:/Users/Niklas/Documents/Unreal_Projects/ForHonor/Content/Assets/Weapon_Pack/Textures/Weapons/T_Weapon_Set1_Normal.uasset" 292
"C:/Users/Niklas/Documents/Unreal_Projects/ForHonor/Content/Assets/Weapon_Pack/Textures/Weapons/T_Weapon_Set1_Normal.uexp" 293
"C:/Users/Niklas/Documents/Unreal_Projects/ForHonor/Content/Assets/Weapon_Pack/Textures/Weapons/T_Weapon_Set1_BaseColor.uasset" 294
"C:/Users/Niklas/Documents/Unreal_Projects/ForHonor/Content/Assets/Weapon_Pack/Textures/Weapons/T_Weapon_Set1_BaseColor.uexp" 295
"C:/Users/Niklas/Documents/Unreal_Projects/ForHonor/Content/Assets/Weapon_Pack/Materials/Weapons/M_WeaponSet_1.uasset" 296
"C:/Users/Niklas/Documents/Unreal_Projects/ForHonor/Content/Assets/Weapon_Pack/Materials/Weapons/M_WeaponSet_1.uexp" 297
"C:/Users/Niklas/Documents/Unreal_Projects/ForHonor/Content/Assets/Weapon_Pack/Mesh/Weapons/Weapons_Kit/SM_Dagger_2.uasset" 298
"C:/Users/Niklas/Documents/Unreal_Projects/ForHonor/Content/Assets/Weapon_Pack/Mesh/Weapons/Weapons_Kit/SM_Dagger_2.uexp" 299
"C:/Users/Niklas/Documents/Unreal_Projects/ForHonor/Content/Assets/SCK_Casual01/Textures/T_00/TEX_T_00_SC.uasset" 300
"C:/Users/Niklas/Documents/Unreal_Projects/ForHonor/Content/Assets/SCK_Casual01/Textures/T_00/TEX_T_00_SC.uexp" 301
"C:/Users/Niklas/Documents/Unreal_Projects/ForHonor/Content/Assets/SCK_Casual01/Textures/T_00/TEX_T_00_S.uasset" 302
"C:/Users/Niklas/Documents/Unreal_Projects/ForHonor/Content/Assets/SCK_Casual01/Textures/T_00/TEX_T_00_S.uexp" 303
"C:/Users/Niklas/Documents/Unreal_Projects/ForHonor/Content/Assets/SCK_Casual01/Textures/T_00/TEX_T_00_R.uasset" 304
"C:/Users/Niklas/Documents/Unreal_Projects/ForHonor/Content/Assets/SCK_Casual01/Textures/T_00/TEX_T_00_R.uexp" 305
"C:/Users/Niklas/Documents/Unreal_Projects/ForHonor/Content/Assets/SCK_Casual01/Textures/T_00/TEX_T_00_N.uasset" 306
"C:/Users/Niklas/Documents/Unreal_Projects/ForHonor/Content/Assets/SCK_Casual01/Textures/T_00/TEX_T_00_N.uexp" 307
"C:/Users/Niklas/Documents/Unreal_Projects/ForHonor/Content/Assets/SCK_Casual01/Textures/T_00/TEX_T_00_M.uasset" 308
"C:/Users/Niklas/Documents/Unreal_Projects/ForHonor/Content/Assets/SCK_Casual01/Textures/T_00/TEX_T_00_M.uexp" 309
"C:/Users/Niklas/Documents/Unreal_Projects/ForHonor/Content/Assets/SCK_Casual01/Textures/T_00/TEX_T_00_D_A.uasset" 310
"C:/Users/Niklas/Documents/Unreal_Projects/ForHonor/Content/Assets/SCK_Casual01/Textures/T_00/TEX_T_00_D_A.uexp" 311
"../../../Engine/Content/Functions/Engine_MaterialFunctions03/Blends/Blend_Darken.uasset" 312
"../../../Engine/Content/Functions/Engine_MaterialFunctions03/Blends/Blend_Darken.uexp" 313
"../../../Engine/Content/Functions/Engine_MaterialFunctions02/Texturing/ScreenAlignedPixelToPixelUVs.uasset" 314
"../../../Engine/Content/Functions/Engine_MaterialFunctions02/Texturing/ScreenAlignedPixelToPixelUVs.uexp" 315
"../../../Engine/Content/EngineMaterials/Good64x64TilingNoiseHighFreq.uasset" 316
"../../../Engine/Content/EngineMaterials/Good64x64TilingNoiseHighFreq.uexp" 317
"../../../Engine/Content/Functions/Engine_MaterialFunctions02/Utility/DitherTemporalAA.uasset" 318
"../../../Engine/Content/Functions/Engine_MaterialFunctions02/Utility/DitherTemporalAA.uexp" 319
"C:/Users/Niklas/Documents/Unreal_Projects/ForHonor/Content/Assets/SCK_Casual01/Materials/Master_Materials/MAT_T_00.uasset" 320
"C:/Users/Niklas/Documents/Unreal_Projects/ForHonor/Content/Assets/SCK_Casual01/Materials/Master_Materials/MAT_T_00.uexp" 321
"C:/Users/Niklas/Documents/Unreal_Projects/ForHonor/Content/Assets/SCK_Casual01/Textures/P_00/TEX_P_00_SC.uasset" 322
"C:/Users/Niklas/Documents/Unreal_Projects/ForHonor/Content/Assets/SCK_Casual01/Textures/P_00/TEX_P_00_SC.uexp" 323
"C:/Users/Niklas/Documents/Unreal_Projects/ForHonor/Content/Assets/SCK_Casual01/Textures/P_00/TEX_P_00_S.uasset" 324
"C:/Users/Niklas/Documents/Unreal_Projects/ForHonor/Content/Assets/SCK_Casual01/Textures/P_00/TEX_P_00_S.uexp" 325
"C:/Users/Niklas/Documents/Unreal_Projects/ForHonor/Content/Assets/SCK_Casual01/Textures/P_00/TEX_P_00_R.uasset" 326
"C:/Users/Niklas/Documents/Unreal_Projects/ForHonor/Content/Assets/SCK_Casual01/Textures/P_00/TEX_P_00_R.uexp" 327
"C:/Users/Niklas/Documents/Unreal_Projects/ForHonor/Content/Assets/SCK_Casual01/Textures/P_00/TEX_P_00_N.uasset" 328
"C:/Users/Niklas/Documents/Unreal_Projects/ForHonor/Content/Assets/SCK_Casual01/Textures/P_00/TEX_P_00_N.uexp" 329
"C:/Users/Niklas/Documents/Unreal_Projects/ForHonor/Content/Assets/SCK_Casual01/Textures/P_00/TEX_P_00_M.uasset" 330
"C:/Users/Niklas/Documents/Unreal_Projects/ForHonor/Content/Assets/SCK_Casual01/Textures/P_00/TEX_P_00_M.uexp" 331
"C:/Users/Niklas/Documents/Unreal_Projects/ForHonor/Content/Assets/SCK_Casual01/Textures/P_00/TEX_P_00_D_A.uasset" 332
"C:/Users/Niklas/Documents/Unreal_Projects/ForHonor/Content/Assets/SCK_Casual01/Textures/P_00/TEX_P_00_D_A.uexp" 333
"C:/Users/Niklas/Documents/Unreal_Projects/ForHonor/Content/Assets/SCK_Casual01/Materials/Master_Materials/MAT_P_00.uasset" 334
"C:/Users/Niklas/Documents/Unreal_Projects/ForHonor/Content/Assets/SCK_Casual01/Materials/Master_Materials/MAT_P_00.uexp" 335
"C:/Users/Niklas/Documents/Unreal_Projects/ForHonor/Content/Assets/SCK_Casual01/Textures/L_00/TEX_L_00_SC.uasset" 336
"C:/Users/Niklas/Documents/Unreal_Projects/ForHonor/Content/Assets/SCK_Casual01/Textures/L_00/TEX_L_00_SC.uexp" 337
"C:/Users/Niklas/Documents/Unreal_Projects/ForHonor/Content/Assets/SCK_Casual01/Textures/L_00/TEX_L_00_S.uasset" 338
"C:/Users/Niklas/Documents/Unreal_Projects/ForHonor/Content/Assets/SCK_Casual01/Textures/L_00/TEX_L_00_S.uexp" 339
"C:/Users/Niklas/Documents/Unreal_Projects/ForHonor/Content/Assets/SCK_Casual01/Textures/L_00/TEX_L_00_R.uasset" 340
"C:/Users/Niklas/Documents/Unreal_Projects/ForHonor/Content/Assets/SCK_Casual01/Textures/L_00/TEX_L_00_R.uexp" 341
"C:/Users/Niklas/Documents/Unreal_Projects/ForHonor/Content/Assets/SCK_Casual01/Textures/L_00/TEX_L_00_N.uasset" 342
"C:/Users/Niklas/Documents/Unreal_Projects/ForHonor/Content/Assets/SCK_Casual01/Textures/L_00/TEX_L_00_N.uexp" 343
"C:/Users/Niklas/Documents/Unreal_Projects/ForHonor/Content/Assets/SCK_Casual01/Textures/L_00/TEX_L_00_M.uasset" 344
"C:/Users/Niklas/Documents/Unreal_Projects/ForHonor/Content/Assets/SCK_Casual01/Textures/L_00/TEX_L_00_M.uexp" 345
"C:/Users/Niklas/Documents/Unreal_Projects/ForHonor/Content/Assets/SCK_Casual01/Textures/L_00/TEX_L_00_D_A.uasset" 346
"C:/Users/Niklas/Documents/Unreal_Projects/ForHonor/Content/Assets/SCK_Casual01/Textures/L_00/TEX_L_00_D_A.uexp" 347
"C:/Users/Niklas/Documents/Unreal_Projects/ForHonor/Content/Assets/SCK_Casual01/Materials/Master_Materials/MAT_L_00.uasset" 348
"C:/Users/Niklas/Documents/Unreal_Projects/ForHonor/Content/Assets/SCK_Casual01/Materials/Master_Materials/MAT_L_00.uexp" 349
"C:/Users/Niklas/Documents/Unreal_Projects/ForHonor/Content/Assets/SCK_Casual01/Textures/H_A_01/TEX_H_A_01_SC.uasset" 350
"C:/Users/Niklas/Documents/Unreal_Projects/ForHonor/Content/Assets/SCK_Casual01/Textures/H_A_01/TEX_H_A_01_SC.uexp" 351
"C:/Users/Niklas/Documents/Unreal_Projects/ForHonor/Content/Assets/SCK_Casual01/Textures/H_A_01/TEX_H_A_01_S.uasset" 352
"C:/Users/Niklas/Documents/Unreal_Projects/ForHonor/Content/Assets/SCK_Casual01/Textures/H_A_01/TEX_H_A_01_S.uexp" 353
"C:/Users/Niklas/Documents/Unreal_Projects/ForHonor/Content/Assets/SCK_Casual01/Textures/H_A_01/TEX_H_A_01_R.uasset" 354
"C:/Users/Niklas/Documents/Unreal_Projects/ForHonor/Content/Assets/SCK_Casual01/Textures/H_A_01/TEX_H_A_01_R.uexp" 355
"C:/Users/Niklas/Documents/Unreal_Projects/ForHonor/Content/Assets/SCK_Casual01/Textures/H_A_01/TEX_H_A_01_N.uasset" 356
"C:/Users/Niklas/Documents/Unreal_Projects/ForHonor/Content/Assets/SCK_Casual01/Textures/H_A_01/TEX_H_A_01_N.uexp" 357
"C:/Users/Niklas/Documents/Unreal_Projects/ForHonor/Content/Assets/SCK_Casual01/Textures/H_A_01/TEX_H_A_01_M.uasset" 358
"C:/Users/Niklas/Documents/Unreal_Projects/ForHonor/Content/Assets/SCK_Casual01/Textures/H_A_01/TEX_H_A_01_M.uexp" 359
"C:/Users/Niklas/Documents/Unreal_Projects/ForHonor/Content/Assets/SCK_Casual01/Textures/H_A_01/TEX_H_A_01_D.uasset" 360
"C:/Users/Niklas/Documents/Unreal_Projects/ForHonor/Content/Assets/SCK_Casual01/Textures/H_A_01/TEX_H_A_01_D.uexp" 361
"C:/Users/Niklas/Documents/Unreal_Projects/ForHonor/Content/Assets/SCK_Casual01/Materials/Master_Materials/MAT_H_A1.uasset" 362
"C:/Users/Niklas/Documents/Unreal_Projects/ForHonor/Content/Assets/SCK_Casual01/Materials/Master_Materials/MAT_H_A1.uexp" 363
"C:/Users/Niklas/Documents/Unreal_Projects/ForHonor/Content/Assets/SCK_Casual01/Models/Premade_Characters/MESH_PC_00.uasset" 364
"C:/Users/Niklas/Documents/Unreal_Projects/ForHonor/Content/Assets/SCK_Casual01/Models/Premade_Characters/MESH_PC_00.uexp" 365
"C:/Users/Niklas/Documents/Unreal_Projects/ForHonor/Content/Assets/SCK_Casual01/Textures/A_04/TEX_A_04_S.uasset" 366
"C:/Users/Niklas/Documents/Unreal_Projects/ForHonor/Content/Assets/SCK_Casual01/Textures/A_04/TEX_A_04_S.uexp" 367
"C:/Users/Niklas/Documents/Unreal_Projects/ForHonor/Content/Assets/SCK_Casual01/Textures/A_04/TEX_A_04_R.uasset" 368
"C:/Users/Niklas/Documents/Unreal_Projects/ForHonor/Content/Assets/SCK_Casual01/Textures/A_04/TEX_A_04_R.uexp" 369
"C:/Users/Niklas/Documents/Unreal_Projects/ForHonor/Content/Assets/SCK_Casual01/Textures/A_04/TEX_A_04_N.uasset" 370
"C:/Users/Niklas/Documents/Unreal_Projects/ForHonor/Content/Assets/SCK_Casual01/Textures/A_04/TEX_A_04_N.uexp" 371
"C:/Users/Niklas/Documents/Unreal_Projects/ForHonor/Content/Assets/SCK_Casual01/Textures/A_04/TEX_A_04_M.uasset" 372
"C:/Users/Niklas/Documents/Unreal_Projects/ForHonor/Content/Assets/SCK_Casual01/Textures/A_04/TEX_A_04_M.uexp" 373
"C:/Users/Niklas/Documents/Unreal_Projects/ForHonor/Content/Assets/SCK_Casual01/Textures/A_04/TEX_A_04_D_1.uasset" 374
"C:/Users/Niklas/Documents/Unreal_Projects/ForHonor/Content/Assets/SCK_Casual01/Textures/A_04/TEX_A_04_D_1.uexp" 375
"C:/Users/Niklas/Documents/Unreal_Projects/ForHonor/Content/Assets/SCK_Casual01/Materials/Master_Materials/MAT_A_04.uasset" 376
"C:/Users/Niklas/Documents/Unreal_Projects/ForHonor/Content/Assets/SCK_Casual01/Materials/Master_Materials/MAT_A_04.uexp" 377
"C:/Users/Niklas/Documents/Unreal_Projects/ForHonor/Content/Assets/SCK_Casual01/Mannequin/Character/Mesh/UE4_Mannequin_Skeleton.uasset" 378
"C:/Users/Niklas/Documents/Unreal_Projects/ForHonor/Content/Assets/SCK_Casual01/Mannequin/Character/Mesh/UE4_Mannequin_Skeleton.uexp" 379
"C:/Users/Niklas/Documents/Unreal_Projects/ForHonor/Content/Assets/SCK_Casual01/Models/MESH_A_04.uasset" 380
"C:/Users/Niklas/Documents/Unreal_Projects/ForHonor/Content/Assets/SCK_Casual01/Models/MESH_A_04.uexp" 381
"C:/Users/Niklas/Documents/Unreal_Projects/ForHonor/Content/Blueprints/Char2/Knife_Char.uasset" 382
"C:/Users/Niklas/Documents/Unreal_Projects/ForHonor/Content/Blueprints/Char2/Knife_Char.uexp" 383
"C:/Users/Niklas/Documents/Unreal_Projects/ForHonor/Content/Blueprints/P_player_controller.uasset" 384
"C:/Users/Niklas/Documents/Unreal_Projects/ForHonor/Content/Blueprints/P_player_controller.uexp" 385
"C:/Users/Niklas/Documents/Unreal_Projects/ForHonor/Content/Assets/SCK_Casual01/Blueprints/ThirdPersonGameMode.uasset" 386
"C:/Users/Niklas/Documents/Unreal_Projects/ForHonor/Content/Assets/SCK_Casual01/Blueprints/ThirdPersonGameMode.uexp" 387
"../../../Engine/Content/ArtTools/RenderToTexture/Meshes/S_1_Unit_Plane.uasset" 388
"../../../Engine/Content/ArtTools/RenderToTexture/Meshes/S_1_Unit_Plane.uexp" 389
"../../../Engine/Content/EngineMaterials/DefaultMaterial.uasset" 390
"../../../Engine/Content/EngineMaterials/DefaultMaterial.uexp" 391
"../../../Engine/Content/BasicShapes/Cone.uasset" 392
"../../../Engine/Content/BasicShapes/Cone.uexp" 393
"../../../Engine/Content/BasicShapes/Plane.uasset" 394
"../../../Engine/Content/BasicShapes/Plane.uexp" 395
"../../../Engine/Content/BasicShapes/Sphere.uasset" 396
"../../../Engine/Content/BasicShapes/Sphere.uexp" 397
"../../../Engine/Content/EditorLandscapeResources/DataLayer.uasset" 398
"../../../Engine/Content/EditorLandscapeResources/DataLayer.uexp" 399
"../../../Engine/Content/EditorLandscapeResources/DefaultAlphaTexture.uasset" 400
"../../../Engine/Content/EditorLandscapeResources/DefaultAlphaTexture.uexp" 401
"../../../Engine/Content/EditorMaterials/MAT_Groups_Toggle.uasset" 402
"../../../Engine/Content/EditorMaterials/MAT_Groups_Toggle.uexp" 403
"../../../Engine/Content/EditorMaterials/MAT_Groups_Visibility.uasset" 404
"../../../Engine/Content/EditorMaterials/MAT_Groups_Visibility.uexp" 405
"../../../Engine/Content/EditorMaterials/PreviewShadowIndicator.uasset" 406
"../../../Engine/Content/EditorMaterials/PreviewShadowIndicator.uexp" 407
"../../../Engine/Content/EditorMaterials/PreviewShadowIndicatorMaterial.uasset" 408
"../../../Engine/Content/EditorMaterials/PreviewShadowIndicatorMaterial.uexp" 409
"../../../Engine/Content/EditorMaterials/MatineeGroups/MAT_ColorTrack.uasset" 410
"../../../Engine/Content/EditorMaterials/MatineeGroups/MAT_ColorTrack.uexp" 411
"../../../Engine/Content/EditorMaterials/MatineeGroups/MAT_Groups_Anim.uasset" 412
"../../../Engine/Content/EditorMaterials/MatineeGroups/MAT_Groups_Anim.uexp" 413
"../../../Engine/Content/EditorMaterials/MatineeGroups/MAT_Groups_AudioMaster.uasset" 414
"../../../Engine/Content/EditorMaterials/MatineeGroups/MAT_Groups_AudioMaster.uexp" 415
"../../../Engine/Content/EditorMaterials/MatineeGroups/MAT_Groups_Director.uasset" 416
"../../../Engine/Content/EditorMaterials/MatineeGroups/MAT_Groups_Director.uexp" 417
"../../../Engine/Content/EditorMaterials/MatineeGroups/MAT_Groups_Event.uasset" 418
"../../../Engine/Content/EditorMaterials/MatineeGroups/MAT_Groups_Event.uexp" 419
"../../../Engine/Content/EditorMaterials/MatineeGroups/MAT_Groups_Fade.uasset" 420
"../../../Engine/Content/EditorMaterials/MatineeGroups/MAT_Groups_Fade.uexp" 421
"../../../Engine/Content/EditorMaterials/MatineeGroups/MAT_Groups_Float.uasset" 422
"../../../Engine/Content/EditorMaterials/MatineeGroups/MAT_Groups_Float.uexp" 423
"../../../Engine/Content/EditorMaterials/MatineeGroups/MAT_Groups_Move.uasset" 424
"../../../Engine/Content/EditorMaterials/MatineeGroups/MAT_Groups_Move.uexp" 425
"../../../Engine/Content/EditorMaterials/MatineeGroups/MAT_Groups_Slomo.uasset" 426
"../../../Engine/Content/EditorMaterials/MatineeGroups/MAT_Groups_Slomo.uexp" 427
"../../../Engine/Content/EditorMaterials/MatineeGroups/MAT_Groups_Sound.uasset" 428
"../../../Engine/Content/EditorMaterials/MatineeGroups/MAT_Groups_Sound.uexp" 429
"../../../Engine/Content/EditorMaterials/MatineeGroups/MAT_Groups_Vector.uasset" 430
"../../../Engine/Content/EditorMaterials/MatineeGroups/MAT_Groups_Vector.uexp" 431
"../../../Engine/Content/EditorMaterials/ParticleSystems/PSysThumbnail_NoImage.uasset" 432
"../../../Engine/Content/EditorMaterials/ParticleSystems/PSysThumbnail_NoImage.uexp" 433
"../../../Engine/Content/EditorMaterials/ParticleSystems/PSysThumbnail_OOD.uasset" 434
"../../../Engine/Content/EditorMaterials/ParticleSystems/PSysThumbnail_OOD.uexp" 435
"../../../Engine/Content/EditorMaterials/Camera/CineMat.uasset" 436
"../../../Engine/Content/EditorMaterials/Camera/CineMat.uexp" 437
"../../../Engine/Content/EditorMaterials/Camera/MI_CineMat_Rig.uasset" 438
"../../../Engine/Content/EditorMaterials/Camera/MI_CineMat_Rig.uexp" 439
"../../../Engine/Content/EditorMeshes/Camera/SM_CraneRig_Arm.uasset" 440
"../../../Engine/Content/EditorMeshes/Camera/SM_CraneRig_Arm.uexp" 441
"../../../Engine/Content/EditorMeshes/Camera/SM_CraneRig_Base.uasset" 442
"../../../Engine/Content/EditorMeshes/Camera/SM_CraneRig_Base.uexp" 443
"../../../Engine/Content/EditorMeshes/Camera/SM_CraneRig_Body.uasset" 444
"../../../Engine/Content/EditorMeshes/Camera/SM_CraneRig_Body.uexp" 445
"../../../Engine/Content/EditorMeshes/Camera/SM_CraneRig_Mount.uasset" 446
"../../../Engine/Content/EditorMeshes/Camera/SM_CraneRig_Mount.uexp" 447
"../../../Engine/Content/EditorMeshes/Camera/SM_RailRig_Mount.uasset" 448
"../../../Engine/Content/EditorMeshes/Camera/SM_RailRig_Mount.uexp" 449
"../../../Engine/Content/EditorMeshes/Camera/SM_RailRig_Track.uasset" 450
"../../../Engine/Content/EditorMeshes/Camera/SM_RailRig_Track.uexp" 451
"../../../Engine/Content/EditorResources/BSPVertex.uasset" 452
"../../../Engine/Content/EditorResources/BSPVertex.uexp" 453
"../../../Engine/Content/EditorResources/EmptyActor.uasset" 454
"../../../Engine/Content/EditorResources/EmptyActor.uexp" 455
"../../../Engine/Content/EditorResources/S_Actor.uasset" 456
"../../../Engine/Content/EditorResources/S_Actor.uexp" 457
"../../../Engine/Content/EditorResources/S_Note.uasset" 458
"../../../Engine/Content/EditorResources/S_Note.uexp" 459
"../../../Engine/Content/EditorResources/S_Solver.uasset" 460
"../../../Engine/Content/EditorResources/S_Solver.uexp" 461
"../../../Engine/Content/EditorResources/S_Terrain.uasset" 462
"../../../Engine/Content/EditorResources/S_Terrain.uexp" 463
"../../../Engine/Content/EditorResources/S_Trigger.uasset" 464
"../../../Engine/Content/EditorResources/S_Trigger.uexp" 465
"../../../Engine/Content/EditorResources/LightIcons/S_LightError.uasset" 466
"../../../Engine/Content/EditorResources/LightIcons/S_LightError.uexp" 467
"../../../Engine/Content/EditorResources/SequenceRecorder/Countdown.uasset" 468
"../../../Engine/Content/EditorResources/SequenceRecorder/Countdown.uexp" 469
"../../../Engine/Content/EditorResources/SequenceRecorder/RecordingIndicator.uasset" 470
"../../../Engine/Content/EditorResources/SequenceRecorder/RecordingIndicator.uexp" 471
"../../../Engine/Content/EngineDamageTypes/DmgTypeBP_Environmental.uasset" 472
"../../../Engine/Content/EngineDamageTypes/DmgTypeBP_Environmental.uexp" 473
"../../../Engine/Content/EngineDebugMaterials/DebugEditorMaterial.uasset" 474
"../../../Engine/Content/EngineDebugMaterials/DebugEditorMaterial.uexp" 475
"../../../Engine/Content/EngineDebugMaterials/DebugMeshMaterial.uasset" 476
"../../../Engine/Content/EngineDebugMaterials/DebugMeshMaterial.uexp" 477
"../../../Engine/Content/EngineDebugMaterials/M_SimpleUnlitTranslucent.uasset" 478
"../../../Engine/Content/EngineDebugMaterials/M_SimpleUnlitTranslucent.uexp" 479
"../../../Engine/Content/EngineDebugMaterials/VolumeToRender.uasset" 480
"../../../Engine/Content/EngineDebugMaterials/VolumeToRender.uexp" 481
"../../../Engine/Content/Functions/Engine_MaterialFunctions02/Utility/CameraDirectionVector.uasset" 482
"../../../Engine/Content/Functions/Engine_MaterialFunctions02/Utility/CameraDirectionVector.uexp" 483
"../../../Engine/Content/EngineDebugMaterials/M_VolumeRenderSphereTracePP.uasset" 484
"../../../Engine/Content/EngineDebugMaterials/M_VolumeRenderSphereTracePP.uexp" 485
"../../../Engine/Content/Functions/Engine_MaterialFunctions01/Shading/ConvertFromDiffSpec.uasset" 486
"../../../Engine/Content/Functions/Engine_MaterialFunctions01/Shading/ConvertFromDiffSpec.uexp" 487
"../../../Engine/Content/EngineDebugMaterials/VertexColorMaterial.uasset" 488
"../../../Engine/Content/EngineDebugMaterials/VertexColorMaterial.uexp" 489
"../../../Engine/Content/EngineDebugMaterials/WireframeMaterial.uasset" 490
"../../../Engine/Content/EngineDebugMaterials/WireframeMaterial.uexp" 491
"../../../Engine/Content/EngineFonts/Faces/RobotoRegular.uasset" 492
"../../../Engine/Content/EngineFonts/Faces/RobotoRegular.uexp" 493
"../../../Engine/Content/EngineFonts/Faces/RobotoRegular.ufont" 494
"../../../Engine/Content/EngineFonts/Faces/RobotoLight.uasset" 495
"../../../Engine/Content/EngineFonts/Faces/RobotoLight.uexp" 496
"../../../Engine/Content/EngineFonts/Faces/RobotoLight.ufont" 497
"../../../Engine/Content/EngineFonts/Faces/RobotoItalic.uasset" 498
"../../../Engine/Content/EngineFonts/Faces/RobotoItalic.uexp" 499
"../../../Engine/Content/EngineFonts/Faces/RobotoItalic.ufont" 500
"../../../Engine/Content/EngineFonts/Faces/RobotoBoldItalic.uasset" 501
"../../../Engine/Content/EngineFonts/Faces/RobotoBoldItalic.uexp" 502
"../../../Engine/Content/EngineFonts/Faces/RobotoBoldItalic.ufont" 503
"../../../Engine/Content/EngineFonts/Faces/RobotoBold.uasset" 504
"../../../Engine/Content/EngineFonts/Faces/RobotoBold.uexp" 505
"../../../Engine/Content/EngineFonts/Faces/RobotoBold.ufont" 506
"../../../Engine/Content/EngineFonts/Faces/DroidSansFallback.uasset" 507
"../../../Engine/Content/EngineFonts/Faces/DroidSansFallback.uexp" 508
"../../../Engine/Content/EngineFonts/Faces/DroidSansFallback.ufont" 509
"../../../Engine/Content/EngineMaterials/BaseFlattenNormalMap.uasset" 510
"../../../Engine/Content/EngineMaterials/BaseFlattenNormalMap.uexp" 511
"../../../Engine/Content/EngineMaterials/BaseFlattenGrayscaleMap.uasset" 512
"../../../Engine/Content/EngineMaterials/BaseFlattenGrayscaleMap.uexp" 513
"../../../Engine/Content/EngineMaterials/BaseFlattenEmissiveMap.uasset" 514
"../../../Engine/Content/EngineMaterials/BaseFlattenEmissiveMap.uexp" 515
"../../../Engine/Content/EngineMaterials/BaseFlattenDiffuseMap.uasset" 516
"../../../Engine/Content/EngineMaterials/BaseFlattenDiffuseMap.uexp" 517
"../../../Engine/Content/EngineMaterials/BaseFlattenMaterial.uasset" 518
"../../../Engine/Content/EngineMaterials/BaseFlattenMaterial.uexp" 519
"../../../Engine/Content/EngineMaterials/BlueNoise.uasset" 520
"../../../Engine/Content/EngineMaterials/BlueNoise.uexp" 521
"../../../Engine/Content/EngineMaterials/DefaultBloomKernel.uasset" 522
"../../../Engine/Content/EngineMaterials/DefaultBloomKernel.uexp" 523
"../../../Engine/Content/EngineMaterials/DefaultBokeh.uasset" 524
"../../../Engine/Content/EngineMaterials/DefaultBokeh.uexp" 525
"../../../Engine/Content/EngineMaterials/DefaultDiffuse.uasset" 526
"../../../Engine/Content/EngineMaterials/DefaultDiffuse.uexp" 527
"../../../Engine/Content/EngineMaterials/DefaultDeferredDecalMaterial.uasset" 528
"../../../Engine/Content/EngineMaterials/DefaultDeferredDecalMaterial.uexp" 529
"../../../Engine/Content/EngineMaterials/DefaultLightFunctionMaterial.uasset" 530
"../../../Engine/Content/EngineMaterials/DefaultLightFunctionMaterial.uexp" 531
"../../../Engine/Content/EngineMaterials/DefaultPhysicalMaterial.uasset" 532
"../../../Engine/Content/EngineMaterials/DefaultPhysicalMaterial.uexp" 533
"../../../Engine/Content/Functions/Engine_MaterialFunctions02/Utility/BreakOutFloat2Components.uasset" 534
"../../../Engine/Content/Functions/Engine_MaterialFunctions02/Utility/BreakOutFloat2Components.uexp" 535
"../../../Engine/Content/EngineMaterials/DefaultPostProcessMaterial.uasset" 536
"../../../Engine/Content/EngineMaterials/DefaultPostProcessMaterial.uexp" 537
"../../../Engine/Content/EngineMaterials/DefaultTextMaterialOpaque.uasset" 538
"../../../Engine/Content/EngineMaterials/DefaultTextMaterialOpaque.uexp" 539
"../../../Engine/Content/EngineMaterials/DefaultWhiteGrid.uasset" 540
"../../../Engine/Content/EngineMaterials/DefaultWhiteGrid.uexp" 541
"../../../Engine/Content/EngineMaterials/DefaultWhiteGrid_Low.uasset" 542
"../../../Engine/Content/EngineMaterials/DefaultWhiteGrid_Low.uexp" 543
"../../../Engine/Content/EngineMaterials/EmissiveMeshMaterial.uasset" 544
"../../../Engine/Content/EngineMaterials/EmissiveMeshMaterial.uexp" 545
"../../../Engine/Content/EngineMaterials/GizmoMaterial.uasset" 546
"../../../Engine/Content/EngineMaterials/GizmoMaterial.uexp" 547
"../../../Engine/Content/EngineMaterials/MiniFont.uasset" 548
"../../../Engine/Content/EngineMaterials/MiniFont.uexp" 549
"../../../Engine/Content/EngineMaterials/InvalidLightmapSettings.uasset" 550
"../../../Engine/Content/EngineMaterials/InvalidLightmapSettings.uexp" 551
"../../../Engine/Content/EngineMaterials/M_InvalidLightmapSettings.uasset" 552
"../../../Engine/Content/EngineMaterials/M_InvalidLightmapSettings.uexp" 553
"../../../Engine/Content/Functions/Engine_MaterialFunctions02/WorldPositionOffset/CameraOffset.uasset" 554
"../../../Engine/Content/Functions/Engine_MaterialFunctions02/WorldPositionOffset/CameraOffset.uexp" 555
"../../../Engine/Content/EngineMaterials/PhAT_JointLimitMaterial.uasset" 556
"../../../Engine/Content/EngineMaterials/PhAT_JointLimitMaterial.uexp" 557
"../../../Engine/Content/EngineMaterials/DefaultCalibrationColor.uasset" 558
"../../../Engine/Content/EngineMaterials/DefaultCalibrationColor.uexp" 559
"../../../Engine/Content/EngineMaterials/PPM_DefaultCalibrationColor.uasset" 560
"../../../Engine/Content/EngineMaterials/PPM_DefaultCalibrationColor.uexp" 561
"../../../Engine/Content/EngineMaterials/DefaultCalibrationGrayscale.uasset" 562
"../../../Engine/Content/EngineMaterials/DefaultCalibrationGrayscale.uexp" 563
"../../../Engine/Content/EngineMaterials/PPM_DefaultCalibrationGrayscale.uasset" 564
"../../../Engine/Content/EngineMaterials/PPM_DefaultCalibrationGrayscale.uexp" 565
"../../../Engine/Content/EngineMaterials/PreintegratedSkinBRDF.uasset" 566
"../../../Engine/Content/EngineMaterials/PreintegratedSkinBRDF.uexp" 567
"../../../Engine/Content/EngineMaterials/RemoveSurfaceMaterial.uasset" 568
"../../../Engine/Content/EngineMaterials/RemoveSurfaceMaterial.uexp" 569
"../../../Engine/Content/EngineMaterials/WeightMapPlaceholderTexture.uasset" 570
"../../../Engine/Content/EngineMaterials/WeightMapPlaceholderTexture.uexp" 571
"../../../Engine/Content/EngineResources/WhiteSquareTexture.uasset" 572
"../../../Engine/Content/EngineResources/WhiteSquareTexture.uexp" 573
"../../../Engine/Content/EngineMaterials/Widget3DPassThrough.uasset" 574
"../../../Engine/Content/EngineMaterials/Widget3DPassThrough.uexp" 575
"../../../Engine/Content/EngineMaterials/Widget3DPassThrough_Masked.uasset" 576
"../../../Engine/Content/EngineMaterials/Widget3DPassThrough_Masked.uexp" 577
"../../../Engine/Content/EngineMaterials/Widget3DPassThrough_Opaque.uasset" 578
"../../../Engine/Content/EngineMaterials/Widget3DPassThrough_Opaque.uexp" 579
"../../../Engine/Content/EngineMaterials/Widget3DPassThrough_Masked_OneSided.uasset" 580
"../../../Engine/Content/EngineMaterials/Widget3DPassThrough_Masked_OneSided.uexp" 581
"../../../Engine/Content/EngineMaterials/Widget3DPassThrough_Opaque_OneSided.uasset" 582
"../../../Engine/Content/EngineMaterials/Widget3DPassThrough_Opaque_OneSided.uexp" 583
"../../../Engine/Content/EngineMaterials/Widget3DPassThrough_Translucent.uasset" 584
"../../../Engine/Content/EngineMaterials/Widget3DPassThrough_Translucent.uexp" 585
"../../../Engine/Content/EngineMaterials/Widget3DPassThrough_Translucent_OneSided.uasset" 586
"../../../Engine/Content/EngineMaterials/Widget3DPassThrough_Translucent_OneSided.uexp" 587
"../../../Engine/Content/EngineMeshes/Cylinder.uasset" 588
"../../../Engine/Content/EngineMeshes/Cylinder.uexp" 589
"../../../Engine/Content/EngineMeshes/Sphere.uasset" 590
"../../../Engine/Content/EngineMeshes/Sphere.uexp" 591
"../../../Engine/Content/EngineResources/DefaultTextureCube.uasset" 592
"../../../Engine/Content/EngineResources/DefaultTextureCube.uexp" 593
"../../../Engine/Content/EngineResources/DefaultVolumeTexture2D.uasset" 594
"../../../Engine/Content/EngineResources/DefaultVolumeTexture2D.uexp" 595
"../../../Engine/Content/EngineResources/DefaultVolumeTexture.uasset" 596
"../../../Engine/Content/EngineResources/DefaultVolumeTexture.uexp" 597
"../../../Engine/Content/EngineResources/GradientTexture0.uasset" 598
"../../../Engine/Content/EngineResources/GradientTexture0.uexp" 599
"../../../Engine/Content/EngineSky/VolumetricClouds/T_NoiseShape64.uasset" 600
"../../../Engine/Content/EngineSky/VolumetricClouds/T_NoiseShape64.uexp" 601
"../../../Engine/Content/EngineSky/VolumetricClouds/T_VolumeNoiseShape64.uasset" 602
"../../../Engine/Content/EngineSky/VolumetricClouds/T_VolumeNoiseShape64.uexp" 603
"../../../Engine/Content/EngineSky/VolumetricClouds/T_NoiseErosion.uasset" 604
"../../../Engine/Content/EngineSky/VolumetricClouds/T_NoiseErosion.uexp" 605
"../../../Engine/Content/EngineSky/VolumetricClouds/T_VolumeNoiseErosion32.uasset" 606
"../../../Engine/Content/EngineSky/VolumetricClouds/T_VolumeNoiseErosion32.uexp" 607
"../../../Engine/Content/Functions/Engine_MaterialFunctions02/Utility/MakeFloat2.uasset" 608
"../../../Engine/Content/Functions/Engine_MaterialFunctions02/Utility/MakeFloat2.uexp" 609
"../../../Engine/Content/EngineSky/VolumetricClouds/CloudWeatherTexture.uasset" 610
"../../../Engine/Content/EngineSky/VolumetricClouds/CloudWeatherTexture.uexp" 611
"../../../Engine/Content/EngineSky/VolumetricClouds/CloudGradientTexture.uasset" 612
"../../../Engine/Content/EngineSky/VolumetricClouds/CloudGradientTexture.uexp" 613
"../../../Engine/Content/EngineSky/VolumetricClouds/m_SimpleVolumetricCloud.uasset" 614
"../../../Engine/Content/EngineSky/VolumetricClouds/m_SimpleVolumetricCloud.uexp" 615
"../../../Engine/Content/EngineSky/VolumetricClouds/m_SimpleVolumetricCloud_Inst.uasset" 616
"../../../Engine/Content/EngineSky/VolumetricClouds/m_SimpleVolumetricCloud_Inst.uexp" 617
"../../../Engine/Content/EngineSounds/Master.uasset" 618
"../../../Engine/Content/EngineSounds/Master.uexp" 619
"../../../Engine/Content/Functions/Engine_MaterialFunctions01/Shading/PowerToRoughness.uasset" 620
"../../../Engine/Content/Functions/Engine_MaterialFunctions01/Shading/PowerToRoughness.uexp" 621
"../../../Engine/Content/Maps/Templates/Thumbnails/Default.uasset" 622
"../../../Engine/Content/Maps/Templates/Thumbnails/Default.uexp" 623
"../../../Engine/Content/Maps/Templates/Thumbnails/TimeOfDay.uasset" 624
"../../../Engine/Content/Maps/Templates/Thumbnails/TimeOfDay.uexp" 625
"../../../Engine/Content/Maps/Templates/Thumbnails/VR-Basic.uasset" 626
"../../../Engine/Content/Maps/Templates/Thumbnails/VR-Basic.uexp" 627
"../../../Engine/Content/MobileResources/T_MobileControls_texture.uasset" 628
"../../../Engine/Content/MobileResources/T_MobileControls_texture.uexp" 629
"../../../Engine/Content/MobileResources/T_MobileMenu2.uasset" 630
"../../../Engine/Content/MobileResources/T_MobileMenu2.uexp" 631
"../../../Engine/Content/MobileResources/HUD/AnalogHat.uasset" 632
"../../../Engine/Content/MobileResources/HUD/AnalogHat.uexp" 633
"../../../Engine/Content/MobileResources/HUD/VirtualJoystick_Thumb.uasset" 634
"../../../Engine/Content/MobileResources/HUD/VirtualJoystick_Thumb.uexp" 635
"../../../Engine/Content/MobileResources/HUD/VirtualJoystick_Background.uasset" 636
"../../../Engine/Content/MobileResources/HUD/VirtualJoystick_Background.uexp" 637
"../../../Engine/Content/MobileResources/HUD/DefaultVirtualJoysticks.uasset" 638
"../../../Engine/Content/MobileResources/HUD/DefaultVirtualJoysticks.uexp" 639
"../../../Engine/Content/MobileResources/HUD/LeftVirtualJoystickOnly.uasset" 640
"../../../Engine/Content/MobileResources/HUD/LeftVirtualJoystickOnly.uexp" 641
"../../../Engine/Content/MobileResources/HUD/MobileHUDButton1_off.uasset" 642
"../../../Engine/Content/MobileResources/HUD/MobileHUDButton1_off.uexp" 643
"../../../Engine/Content/MobileResources/HUD/MobileHUDButton1_on.uasset" 644
"../../../Engine/Content/MobileResources/HUD/MobileHUDButton1_on.uexp" 645
"../../../Engine/Content/MobileResources/HUD/MobileHUDButton2_off.uasset" 646
"../../../Engine/Content/MobileResources/HUD/MobileHUDButton2_off.uexp" 647
"../../../Engine/Content/MobileResources/HUD/MobileHUDButton2_on.uasset" 648
"../../../Engine/Content/MobileResources/HUD/MobileHUDButton2_on.uexp" 649
"../../../Engine/Content/MobileResources/HUD/MobileHUDButton3.uasset" 650
"../../../Engine/Content/MobileResources/HUD/MobileHUDButton3.uexp" 651
"../../../Engine/Content/MobileResources/HUD/MobileHUDButtonFire.uasset" 652
"../../../Engine/Content/MobileResources/HUD/MobileHUDButtonFire.uexp" 653
"../../../Engine/Content/MobileResources/HUD/MobileHUDDirectionPad.uasset" 654
"../../../Engine/Content/MobileResources/HUD/MobileHUDDirectionPad.uexp" 655
"../../../Engine/Content/MobileResources/HUD/MobileHUDDirectionPad2.uasset" 656
"../../../Engine/Content/MobileResources/HUD/MobileHUDDirectionPad2.uexp" 657
"../../../Engine/Content/MobileResources/HUD/MobileHUDDirectionPad3.uasset" 658
"../../../Engine/Content/MobileResources/HUD/MobileHUDDirectionPad3.uexp" 659
"../../../Engine/Content/MobileResources/HUD/MobileHUDDirectionStick.uasset" 660
"../../../Engine/Content/MobileResources/HUD/MobileHUDDirectionStick.uexp" 661
"../../../Engine/Content/MobileResources/HUD/T_Castle_ThumbstickInner.uasset" 662
"../../../Engine/Content/MobileResources/HUD/T_Castle_ThumbstickInner.uexp" 663
"../../../Engine/Content/MobileResources/HUD/T_Castle_ThumbstickOutter.uasset" 664
"../../../Engine/Content/MobileResources/HUD/T_Castle_ThumbstickOutter.uexp" 665
"../../../Engine/Content/Tutorial/ContentIntroCurve.uasset" 666
"../../../Engine/Content/Tutorial/ContentIntroCurve.uexp" 667
"../../../Engine/Content/VREditor/TransformGizmo/TranslucentTransformGizmoMaterial.uasset" 668
"../../../Engine/Content/VREditor/TransformGizmo/TranslucentTransformGizmoMaterial.uexp" 669
"../../../Engine/Content/VREditor/LaserPointer/VR_LaserPower_01.uasset" 670
"../../../Engine/Content/VREditor/LaserPointer/VR_LaserPower_01.uexp" 671
"../../../Engine/Content/VREditor/TransformGizmo/TransformGizmoMaterial.uasset" 672
"../../../Engine/Content/VREditor/TransformGizmo/TransformGizmoMaterial.uexp" 673
"../../../Engine/Content/VREditor/TransformGizmo/BoundingBoxCorner.uasset" 674
"../../../Engine/Content/VREditor/TransformGizmo/BoundingBoxCorner.uexp" 675
"../../../Engine/Content/VREditor/TransformGizmo/BoundingBoxEdge.uasset" 676
"../../../Engine/Content/VREditor/TransformGizmo/BoundingBoxEdge.uexp" 677
"../../../Engine/Content/VREditor/TransformGizmo/PlaneTranslationHandle.uasset" 678
"../../../Engine/Content/VREditor/TransformGizmo/PlaneTranslationHandle.uexp" 679
"../../../Engine/Content/VREditor/TransformGizmo/Xray.uasset" 680
"../../../Engine/Content/VREditor/TransformGizmo/Xray.uexp" 681
"../../../Engine/Content/VREditor/TransformGizmo/Main.uasset" 682
"../../../Engine/Content/VREditor/TransformGizmo/Main.uexp" 683
"../../../Engine/Content/VREditor/TransformGizmo/SM_Sequencer_Key.uasset" 684
"../../../Engine/Content/VREditor/TransformGizmo/SM_Sequencer_Key.uexp" 685
"../../../Engine/Content/VREditor/TransformGizmo/SM_Sequencer_Node.uasset" 686
"../../../Engine/Content/VREditor/TransformGizmo/SM_Sequencer_Node.uexp" 687
"../../../Engine/Plugins/2D/Paper2D/Content/PlaceholderTextures/DummySpriteTexture.uasset" 688
"../../../Engine/Plugins/2D/Paper2D/Content/PlaceholderTextures/DummySpriteTexture.uexp" 689
"../../../Engine/Plugins/2D/Paper2D/Content/DummySprite.uasset" 690
"../../../Engine/Plugins/2D/Paper2D/Content/DummySprite.uexp" 691
"../../../Engine/Plugins/2D/Paper2D/Content/DefaultPaperTerrainMaterial.uasset" 692
"../../../Engine/Plugins/2D/Paper2D/Content/DefaultPaperTerrainMaterial.uexp" 693
"../../../Engine/Plugins/2D/Paper2D/Content/DefaultSpriteMaterial.uasset" 694
"../../../Engine/Plugins/2D/Paper2D/Content/DefaultSpriteMaterial.uexp" 695
"../../../Engine/Plugins/2D/Paper2D/Content/MaskedUnlitSpriteMaterial.uasset" 696
"../../../Engine/Plugins/2D/Paper2D/Content/MaskedUnlitSpriteMaterial.uexp" 697
"../../../Engine/Plugins/2D/Paper2D/Content/OpaqueUnlitSpriteMaterial.uasset" 698
"../../../Engine/Plugins/2D/Paper2D/Content/OpaqueUnlitSpriteMaterial.uexp" 699
"../../../Engine/Content/Functions/Engine_MaterialFunctions02/ObjectLocalBounds.uasset" 700
"../../../Engine/Content/Functions/Engine_MaterialFunctions02/ObjectLocalBounds.uexp" 701
"../../../Engine/Content/Functions/Engine_MaterialFunctions02/Utility/VectorLength.uasset" 702
"../../../Engine/Content/Functions/Engine_MaterialFunctions02/Utility/VectorLength.uexp" 703
"../../../Engine/Content/Functions/Engine_MaterialFunctions02/WorldPositionOffset/ObjectScale.uasset" 704
"../../../Engine/Content/Functions/Engine_MaterialFunctions02/WorldPositionOffset/ObjectScale.uexp" 705
"../../../Engine/Content/Functions/Engine_MaterialFunctions02/Utility/BreakOutFloat3Components.uasset" 706
"../../../Engine/Content/Functions/Engine_MaterialFunctions02/Utility/BreakOutFloat3Components.uexp" 707
"../../../Engine/Plugins/Editor/SpeedTreeImporter/Content/SpeedTree9/UnpackInteger3.uasset" 708
"../../../Engine/Plugins/Editor/SpeedTreeImporter/Content/SpeedTree9/UnpackInteger3.uexp" 709
"../../../Engine/Plugins/Editor/SpeedTreeImporter/Content/SpeedTree9/UnpackDirection.uasset" 710
"../../../Engine/Plugins/Editor/SpeedTreeImporter/Content/SpeedTree9/UnpackDirection.uexp" 711
"../../../Engine/Plugins/Editor/SpeedTreeImporter/Content/SpeedTree9/game_wind_noise.uasset" 712
"../../../Engine/Plugins/Editor/SpeedTreeImporter/Content/SpeedTree9/game_wind_noise.uexp" 713
"../../../Engine/Content/Functions/Engine_MaterialFunctions02/SafeNormalize.uasset" 714
"../../../Engine/Content/Functions/Engine_MaterialFunctions02/SafeNormalize.uexp" 715
"../../../Engine/Plugins/Editor/SpeedTreeImporter/Content/SpeedTree9/SpeedTreeWindMotion.uasset" 716
"../../../Engine/Plugins/Editor/SpeedTreeImporter/Content/SpeedTree9/SpeedTreeWindMotion.uexp" 717
"../../../Engine/Plugins/Editor/SpeedTreeImporter/Content/SpeedTree9/SpeedTreeBranchMotion.uasset" 718
"../../../Engine/Plugins/Editor/SpeedTreeImporter/Content/SpeedTree9/SpeedTreeBranchMotion.uexp" 719
"../../../Engine/Content/Functions/Engine_MaterialFunctions02/UVs/BoundingBoxBased_0-1_UVW.uasset" 720
"../../../Engine/Content/Functions/Engine_MaterialFunctions02/UVs/BoundingBoxBased_0-1_UVW.uexp" 721
"../../../Engine/Plugins/Editor/SpeedTreeImporter/Content/SpeedTree9/SpeedTreeWind.uasset" 722
"../../../Engine/Plugins/Editor/SpeedTreeImporter/Content/SpeedTree9/SpeedTreeWind.uexp" 723
"../../../Engine/Plugins/Editor/SpeedTreeImporter/Content/SpeedTree9/SpeedTreeBillboard.uasset" 724
"../../../Engine/Plugins/Editor/SpeedTreeImporter/Content/SpeedTree9/SpeedTreeBillboard.uexp" 725
"../../../Engine/Plugins/Editor/SpeedTreeImporter/Content/SpeedTree9/EmptyNormal.uasset" 726
"../../../Engine/Plugins/Editor/SpeedTreeImporter/Content/SpeedTree9/EmptyNormal.uexp" 727
"../../../Engine/Plugins/Editor/SpeedTreeImporter/Content/SpeedTree9/Empty.uasset" 728
"../../../Engine/Plugins/Editor/SpeedTreeImporter/Content/SpeedTree9/Empty.uexp" 729
"../../../Engine/Plugins/Editor/SpeedTreeImporter/Content/SpeedTree9/SpeedTreeBillboardMaster.uasset" 730
"../../../Engine/Plugins/Editor/SpeedTreeImporter/Content/SpeedTree9/SpeedTreeBillboardMaster.uexp" 731
"../../../Engine/Plugins/Editor/SpeedTreeImporter/Content/SpeedTree9/SpeedTreeCameraFacing.uasset" 732
"../../../Engine/Plugins/Editor/SpeedTreeImporter/Content/SpeedTree9/SpeedTreeCameraFacing.uexp" 733
"../../../Engine/Plugins/Editor/SpeedTreeImporter/Content/SpeedTree9/SpeedTreeMaster.uasset" 734
"../../../Engine/Plugins/Editor/SpeedTreeImporter/Content/SpeedTree9/SpeedTreeMaster.uexp" 735
"../../../Engine/Content/BasicShapes/Cylinder.uasset" 736
"../../../Engine/Content/BasicShapes/Cylinder.uexp" 737
"../../../Engine/Content/ArtTools/RenderToTexture/Materials/Debug/M_Emissive_Color.uasset" 738
"../../../Engine/Content/ArtTools/RenderToTexture/Materials/Debug/M_Emissive_Color.uexp" 739
"../../../Engine/Plugins/Lumin/MagicLeapPassableWorld/Content/MagicLeapARPinInfoActor.uasset" 740
"../../../Engine/Plugins/Lumin/MagicLeapPassableWorld/Content/MagicLeapARPinInfoActor.uexp" 741
"../../../Engine/Plugins/Runtime/OpenXR/Content/Devices/GoogleDaydream/MRTexture.uasset" 742
"../../../Engine/Plugins/Runtime/OpenXR/Content/Devices/GoogleDaydream/MRTexture.uexp" 743
"../../../Engine/Plugins/Runtime/OpenXR/Content/Devices/GoogleDaydream/BaseTexture.uasset" 744
"../../../Engine/Plugins/Runtime/OpenXR/Content/Devices/GoogleDaydream/BaseTexture.uexp" 745
"../../../Engine/Content/EngineResources/Black.uasset" 746
"../../../Engine/Content/EngineResources/Black.uexp" 747
"../../../Engine/Plugins/Runtime/OpenXR/Content/Devices/M_XRController.uasset" 748
"../../../Engine/Plugins/Runtime/OpenXR/Content/Devices/M_XRController.uexp" 749
"../../../Engine/Plugins/Runtime/OpenXR/Content/Devices/GoogleDaydream/MI_GoogleDaydream.uasset" 750
"../../../Engine/Plugins/Runtime/OpenXR/Content/Devices/GoogleDaydream/MI_GoogleDaydream.uexp" 751
"../../../Engine/Plugins/Runtime/OpenXR/Content/Devices/GoogleDaydream/GoogleDaydreamController.uasset" 752
"../../../Engine/Plugins/Runtime/OpenXR/Content/Devices/GoogleDaydream/GoogleDaydreamController.uexp" 753
"../../../Engine/Plugins/Runtime/OpenXR/Content/Devices/HTCVive/BaseTexture.uasset" 754
"../../../Engine/Plugins/Runtime/OpenXR/Content/Devices/HTCVive/BaseTexture.uexp" 755
"../../../Engine/Plugins/Runtime/OpenXR/Content/Devices/HTCVive/MI_HTCVive.uasset" 756
"../../../Engine/Plugins/Runtime/OpenXR/Content/Devices/HTCVive/MI_HTCVive.uexp" 757
"../../../Engine/Plugins/Runtime/OpenXR/Content/Devices/HTCVive/HTCViveController.uasset" 758
"../../../Engine/Plugins/Runtime/OpenXR/Content/Devices/HTCVive/HTCViveController.uexp" 759
"../../../Engine/Plugins/Runtime/OpenXR/Content/Devices/MicrosoftMixedReality/NormalTexture.uasset" 760
"../../../Engine/Plugins/Runtime/OpenXR/Content/Devices/MicrosoftMixedReality/NormalTexture.uexp" 761
"../../../Engine/Plugins/Runtime/OpenXR/Content/Devices/MicrosoftMixedReality/MRTexture.uasset" 762
"../../../Engine/Plugins/Runtime/OpenXR/Content/Devices/MicrosoftMixedReality/MRTexture.uexp" 763
"../../../Engine/Plugins/Runtime/OpenXR/Content/Devices/MicrosoftMixedReality/EmissiveTexture.uasset" 764
"../../../Engine/Plugins/Runtime/OpenXR/Content/Devices/MicrosoftMixedReality/EmissiveTexture.uexp" 765
"../../../Engine/Plugins/Runtime/OpenXR/Content/Devices/MicrosoftMixedReality/BaseTexture.uasset" 766
"../../../Engine/Plugins/Runtime/OpenXR/Content/Devices/MicrosoftMixedReality/BaseTexture.uexp" 767
"../../../Engine/Plugins/Runtime/OpenXR/Content/Devices/MicrosoftMixedReality/MI_MicrosoftMixedReality.uasset" 768
"../../../Engine/Plugins/Runtime/OpenXR/Content/Devices/MicrosoftMixedReality/MI_MicrosoftMixedReality.uexp" 769
"../../../Engine/Plugins/Runtime/OpenXR/Content/Devices/MicrosoftMixedReality/Left/left_MicrosoftMixedRealityController.uasset" 770
"../../../Engine/Plugins/Runtime/OpenXR/Content/Devices/MicrosoftMixedReality/Left/left_MicrosoftMixedRealityController.uexp" 771
"../../../Engine/Plugins/Runtime/OpenXR/Content/Devices/MicrosoftMixedReality/Right/right_MicrosoftMixedRealityController.uasset" 772
"../../../Engine/Plugins/Runtime/OpenXR/Content/Devices/MicrosoftMixedReality/Right/right_MicrosoftMixedRealityController.uexp" 773
"../../../Engine/Plugins/Runtime/OpenXR/Content/Devices/OculusGo/BaseTexture.uasset" 774
"../../../Engine/Plugins/Runtime/OpenXR/Content/Devices/OculusGo/BaseTexture.uexp" 775
"../../../Engine/Plugins/Runtime/OpenXR/Content/Devices/OculusGo/MI_OculusGo.uasset" 776
"../../../Engine/Plugins/Runtime/OpenXR/Content/Devices/OculusGo/MI_OculusGo.uexp" 777
"../../../Engine/Plugins/Runtime/OpenXR/Content/Devices/OculusGo/OculusGoController.uasset" 778
"../../../Engine/Plugins/Runtime/OpenXR/Content/Devices/OculusGo/OculusGoController.uexp" 779
"../../../Engine/Plugins/Runtime/OpenXR/Content/Devices/OculusTouch/MRTexture.uasset" 780
"../../../Engine/Plugins/Runtime/OpenXR/Content/Devices/OculusTouch/MRTexture.uexp" 781
"../../../Engine/Plugins/Runtime/OpenXR/Content/Devices/OculusTouch/BaseTexture.uasset" 782
"../../../Engine/Plugins/Runtime/OpenXR/Content/Devices/OculusTouch/BaseTexture.uexp" 783
"../../../Engine/Plugins/Runtime/OpenXR/Content/Devices/OculusTouch/MI_OculusTouch.uasset" 784
"../../../Engine/Plugins/Runtime/OpenXR/Content/Devices/OculusTouch/MI_OculusTouch.uexp" 785
"../../../Engine/Plugins/Runtime/OpenXR/Content/Devices/OculusTouch/Left/left_OculusTouchController.uasset" 786
"../../../Engine/Plugins/Runtime/OpenXR/Content/Devices/OculusTouch/Left/left_OculusTouchController.uexp" 787
"../../../Engine/Plugins/Runtime/OpenXR/Content/Devices/OculusTouch/Right/right_OculusTouchController.uasset" 788
"../../../Engine/Plugins/Runtime/OpenXR/Content/Devices/OculusTouch/Right/right_OculusTouchController.uexp" 789
"../../../Engine/Plugins/Runtime/OpenXR/Content/Devices/OculusTouch_v2/MRTexture.uasset" 790
"../../../Engine/Plugins/Runtime/OpenXR/Content/Devices/OculusTouch_v2/MRTexture.uexp" 791
"../../../Engine/Plugins/Runtime/OpenXR/Content/Devices/OculusTouch_v2/BaseTexture.uasset" 792
"../../../Engine/Plugins/Runtime/OpenXR/Content/Devices/OculusTouch_v2/BaseTexture.uexp" 793
"../../../Engine/Plugins/Runtime/OpenXR/Content/Devices/OculusTouch_v2/MI_OculusTouch_v2.uasset" 794
"../../../Engine/Plugins/Runtime/OpenXR/Content/Devices/OculusTouch_v2/MI_OculusTouch_v2.uexp" 795
"../../../Engine/Plugins/Runtime/OpenXR/Content/Devices/OculusTouch_v2/Left/left_OculusTouch_v2Controller.uasset" 796
"../../../Engine/Plugins/Runtime/OpenXR/Content/Devices/OculusTouch_v2/Left/left_OculusTouch_v2Controller.uexp" 797
"../../../Engine/Plugins/Runtime/OpenXR/Content/Devices/OculusTouch_v2/Right/right_OculusTouch_v2Controller.uasset" 798
"../../../Engine/Plugins/Runtime/OpenXR/Content/Devices/OculusTouch_v2/Right/right_OculusTouch_v2Controller.uexp" 799
"../../../Engine/Plugins/Runtime/OpenXR/Content/Devices/OculusTouch_v3/MRTexture.uasset" 800
"../../../Engine/Plugins/Runtime/OpenXR/Content/Devices/OculusTouch_v3/MRTexture.uexp" 801
"../../../Engine/Plugins/Runtime/OpenXR/Content/Devices/OculusTouch_v3/BaseTexture.uasset" 802
"../../../Engine/Plugins/Runtime/OpenXR/Content/Devices/OculusTouch_v3/BaseTexture.uexp" 803
"../../../Engine/Plugins/Runtime/OpenXR/Content/Devices/OculusTouch_v3/MI_OculusTouch_v3.uasset" 804
"../../../Engine/Plugins/Runtime/OpenXR/Content/Devices/OculusTouch_v3/MI_OculusTouch_v3.uexp" 805
"../../../Engine/Plugins/Runtime/OpenXR/Content/Devices/OculusTouch_v3/Left/left_OculusTouch_v3Controller.uasset" 806
"../../../Engine/Plugins/Runtime/OpenXR/Content/Devices/OculusTouch_v3/Left/left_OculusTouch_v3Controller.uexp" 807
"../../../Engine/Plugins/Runtime/OpenXR/Content/Devices/OculusTouch_v3/Right/right_OculusTouch_v3Controller.uasset" 808
"../../../Engine/Plugins/Runtime/OpenXR/Content/Devices/OculusTouch_v3/Right/right_OculusTouch_v3Controller.uexp" 809
"../../../Engine/Plugins/Runtime/OpenXR/Content/Devices/ValveIndex/MRTexture.uasset" 810
"../../../Engine/Plugins/Runtime/OpenXR/Content/Devices/ValveIndex/MRTexture.uexp" 811
"../../../Engine/Plugins/Runtime/OpenXR/Content/Devices/ValveIndex/BaseTexture.uasset" 812
"../../../Engine/Plugins/Runtime/OpenXR/Content/Devices/ValveIndex/BaseTexture.uexp" 813
"../../../Engine/Plugins/Runtime/OpenXR/Content/Devices/ValveIndex/Left/MI_left_ValveIndex.uasset" 814
"../../../Engine/Plugins/Runtime/OpenXR/Content/Devices/ValveIndex/Left/MI_left_ValveIndex.uexp" 815
"../../../Engine/Plugins/Runtime/OpenXR/Content/Devices/ValveIndex/Left/left_ValveIndexController.uasset" 816
"../../../Engine/Plugins/Runtime/OpenXR/Content/Devices/ValveIndex/Left/left_ValveIndexController.uexp" 817
"../../../Engine/Plugins/Runtime/OpenXR/Content/Devices/ValveIndex/Right/MI_right_ValveIndex.uasset" 818
"../../../Engine/Plugins/Runtime/OpenXR/Content/Devices/ValveIndex/Right/MI_right_ValveIndex.uexp" 819
"../../../Engine/Plugins/Runtime/OpenXR/Content/Devices/ValveIndex/Right/right_ValveIndexController.uasset" 820
"../../../Engine/Plugins/Runtime/OpenXR/Content/Devices/ValveIndex/Right/right_ValveIndexController.uexp" 821
"../../../Engine/Content/Functions/Engine_MaterialFunctions02/Utility/MakeFloat3.uasset" 822
"../../../Engine/Content/Functions/Engine_MaterialFunctions02/Utility/MakeFloat3.uexp" 823
"../../../Engine/Content/Functions/Engine_MaterialFunctions02/Utility/BreakOutFloat4Components.uasset" 824
"../../../Engine/Content/Functions/Engine_MaterialFunctions02/Utility/BreakOutFloat4Components.uexp" 825
"../../../Engine/Plugins/Runtime/Oculus/OculusVR/Content/Materials/OculusMR_ChromaKey.uasset" 826
"../../../Engine/Plugins/Runtime/Oculus/OculusVR/Content/Materials/OculusMR_ChromaKey.uexp" 827
"../../../Engine/Plugins/Runtime/Oculus/OculusVR/Content/Materials/OculusMR_OpaqueColoredMaterial.uasset" 828
"../../../Engine/Plugins/Runtime/Oculus/OculusVR/Content/Materials/OculusMR_OpaqueColoredMaterial.uexp" 829
"../../../Engine/Plugins/Runtime/Oculus/OculusVR/Content/Materials/PokeAHoleMaterial.uasset" 830
"../../../Engine/Plugins/Runtime/Oculus/OculusVR/Content/Materials/PokeAHoleMaterial.uexp" 831
"../../../Engine/Plugins/Runtime/Oculus/OculusVR/Content/Textures/touchController_controlmap.uasset" 832
"../../../Engine/Plugins/Runtime/Oculus/OculusVR/Content/Textures/touchController_controlmap.uexp" 833
"../../../Engine/Plugins/Runtime/Oculus/OculusVR/Content/Textures/touchController_albedo.uasset" 834
"../../../Engine/Plugins/Runtime/Oculus/OculusVR/Content/Textures/touchController_albedo.uexp" 835
"../../../Engine/Plugins/Runtime/Oculus/OculusVR/Content/Materials/touchController_mat.uasset" 836
"../../../Engine/Plugins/Runtime/Oculus/OculusVR/Content/Materials/touchController_mat.uexp" 837
"../../../Engine/Plugins/Runtime/Oculus/OculusVR/Content/Meshes/LeftTouchController.uasset" 838
"../../../Engine/Plugins/Runtime/Oculus/OculusVR/Content/Meshes/LeftTouchController.uexp" 839
"../../../Engine/Plugins/Runtime/Oculus/OculusVR/Content/Textures/TouchForQuestRiftSController_albedo.uasset" 840
"../../../Engine/Plugins/Runtime/Oculus/OculusVR/Content/Textures/TouchForQuestRiftSController_albedo.uexp" 841
"../../../Engine/Plugins/Runtime/Oculus/OculusVR/Content/Materials/TouchForQuestRiftSControllerMaterial.uasset" 842
"../../../Engine/Plugins/Runtime/Oculus/OculusVR/Content/Materials/TouchForQuestRiftSControllerMaterial.uexp" 843
"../../../Engine/Plugins/Runtime/Oculus/OculusVR/Content/Meshes/LeftTouchForQuestRiftSController.uasset" 844
"../../../Engine/Plugins/Runtime/Oculus/OculusVR/Content/Meshes/LeftTouchForQuestRiftSController.uexp" 845
"../../../Engine/Plugins/Runtime/Oculus/OculusVR/Content/Meshes/RiftHMD.uasset" 846
"../../../Engine/Plugins/Runtime/Oculus/OculusVR/Content/Meshes/RiftHMD.uexp" 847
"../../../Engine/Plugins/Runtime/Oculus/OculusVR/Content/Meshes/RightTouchController.uasset" 848
"../../../Engine/Plugins/Runtime/Oculus/OculusVR/Content/Meshes/RightTouchController.uexp" 849
"../../../Engine/Plugins/Runtime/Oculus/OculusVR/Content/Meshes/RightTouchForQuestRiftSController.uasset" 850
"../../../Engine/Plugins/Runtime/Oculus/OculusVR/Content/Meshes/RightTouchForQuestRiftSController.uexp" 851
"../../../Engine/Content/MapTemplates/SM_Template_Map_Floor.uasset" 852
"../../../Engine/Content/MapTemplates/SM_Template_Map_Floor.uexp" 853
"../../../Engine/Content/EngineSky/T_Sky_Stars.uasset" 854
"../../../Engine/Content/EngineSky/T_Sky_Stars.uexp" 855
"../../../Engine/Content/EngineSky/T_Sky_Clouds_M.uasset" 856
"../../../Engine/Content/EngineSky/T_Sky_Clouds_M.uexp" 857
"../../../Engine/Content/EngineSky/T_Sky_Blue.uasset" 858
"../../../Engine/Content/EngineSky/T_Sky_Blue.uexp" 859
"../../../Engine/Content/BasicShapes/Cube.uasset" 860
"../../../Engine/Content/BasicShapes/Cube.uexp" 861
"../../../Engine/Content/EngineSky/M_Sky_Panning_Clouds2.uasset" 862
"../../../Engine/Content/EngineSky/M_Sky_Panning_Clouds2.uexp" 863
"../../../Engine/Content/BasicShapes/BasicShapeMaterial.uasset" 864
"../../../Engine/Content/BasicShapes/BasicShapeMaterial.uexp" 865
"C:/Users/Niklas/Documents/Unreal_Projects/ForHonor/Content/Maps/1v1_BuiltData.uasset" 866
"C:/Users/Niklas/Documents/Unreal_Projects/ForHonor/Content/Maps/1v1_BuiltData.uexp" 867
"../../../Engine/Content/EngineSky/SM_SkySphere.uasset" 868
"../../../Engine/Content/EngineSky/SM_SkySphere.uexp" 869
"../../../Engine/Content/EngineSky/C_Sky_Zenith_Color.uasset" 870
"../../../Engine/Content/EngineSky/C_Sky_Zenith_Color.uexp" 871
"../../../Engine/Content/EngineSky/C_Sky_Horizon_Color.uasset" 872
"../../../Engine/Content/EngineSky/C_Sky_Horizon_Color.uexp" 873
"../../../Engine/Content/EngineSky/C_Sky_Cloud_Color.uasset" 874
"../../../Engine/Content/EngineSky/C_Sky_Cloud_Color.uexp" 875
"../../../Engine/Content/EngineSky/BP_Sky_Sphere.uasset" 876
"../../../Engine/Content/EngineSky/BP_Sky_Sphere.uexp" 877
"C:/Users/Niklas/Documents/Unreal_Projects/ForHonor/Content/Maps/1v1.uexp" 878
"C:/Users/Niklas/Documents/Unreal_Projects/ForHonor/Content/Maps/1v1.umap" 879
"C:/Users/Niklas/Documents/Unreal_Projects/ForHonor/Content/Maps/EntryMap.uexp" 880
"C:/Users/Niklas/Documents/Unreal_Projects/ForHonor/Content/Maps/EntryMap.umap" 881
